{"/home/milner/Desktop/rust/slotm/app/src/config/AppConfig.ts": {"path":"/home/milner/Desktop/rust/slotm/app/src/config/AppConfig.ts","statementMap":{"0":{"start":{"line":6,"column":32},"end":{"line":6,"column":49}},"1":{"start":{"line":7,"column":36},"end":{"line":7,"column":48}},"2":{"start":{"line":8,"column":37},"end":{"line":13,"column":2}},"3":{"start":{"line":16,"column":2},"end":{"line":16,"column":43}},"4":{"start":{"line":20,"column":19},"end":{"line":20,"column":68}},"5":{"start":{"line":22,"column":2},"end":{"line":24,"column":3}},"6":{"start":{"line":23,"column":4},"end":{"line":23,"column":29}},"7":{"start":{"line":26,"column":17},"end":{"line":29,"column":38}},"8":{"start":{"line":29,"column":22},"end":{"line":29,"column":37}},"9":{"start":{"line":31,"column":2},"end":{"line":33,"column":3}},"10":{"start":{"line":32,"column":4},"end":{"line":32,"column":29}},"11":{"start":{"line":35,"column":2},"end":{"line":35,"column":43}},"12":{"start":{"line":75,"column":4},"end":{"line":75,"column":49}},"13":{"start":{"line":76,"column":4},"end":{"line":76,"column":46}},"14":{"start":{"line":78,"column":4},"end":{"line":78,"column":66}},"15":{"start":{"line":79,"column":4},"end":{"line":79,"column":29}},"16":{"start":{"line":80,"column":4},"end":{"line":80,"column":35}},"17":{"start":{"line":81,"column":4},"end":{"line":81,"column":43}},"18":{"start":{"line":82,"column":4},"end":{"line":85,"column":6}},"19":{"start":{"line":86,"column":4},"end":{"line":86,"column":56}},"20":{"start":{"line":87,"column":4},"end":{"line":90,"column":6}},"21":{"start":{"line":91,"column":4},"end":{"line":91,"column":32}},"22":{"start":{"line":93,"column":4},"end":{"line":93,"column":33}},"23":{"start":{"line":94,"column":4},"end":{"line":94,"column":37}},"24":{"start":{"line":95,"column":4},"end":{"line":95,"column":35}},"25":{"start":{"line":97,"column":4},"end":{"line":97,"column":42}},"26":{"start":{"line":98,"column":4},"end":{"line":98,"column":42}},"27":{"start":{"line":99,"column":4},"end":{"line":99,"column":57}},"28":{"start":{"line":101,"column":4},"end":{"line":101,"column":82}},"29":{"start":{"line":103,"column":4},"end":{"line":103,"column":27}},"30":{"start":{"line":104,"column":4},"end":{"line":104,"column":51}},"31":{"start":{"line":105,"column":4},"end":{"line":105,"column":50}},"32":{"start":{"line":106,"column":4},"end":{"line":106,"column":63}},"33":{"start":{"line":107,"column":4},"end":{"line":107,"column":63}},"34":{"start":{"line":108,"column":4},"end":{"line":108,"column":58}},"35":{"start":{"line":109,"column":4},"end":{"line":109,"column":89}},"36":{"start":{"line":111,"column":4},"end":{"line":111,"column":30}},"37":{"start":{"line":112,"column":4},"end":{"line":112,"column":31}},"38":{"start":{"line":114,"column":4},"end":{"line":114,"column":41}},"39":{"start":{"line":115,"column":4},"end":{"line":115,"column":92}},"40":{"start":{"line":117,"column":4},"end":{"line":119,"column":5}},"41":{"start":{"line":118,"column":6},"end":{"line":118,"column":87}},"42":{"start":{"line":123,"column":4},"end":{"line":123,"column":35}},"43":{"start":{"line":127,"column":4},"end":{"line":127,"column":48}}},"fnMap":{"0":{"name":"normalizeOrigin","decl":{"start":{"line":15,"column":9},"end":{"line":15,"column":24}},"loc":{"start":{"line":15,"column":39},"end":{"line":17,"column":1}}},"1":{"name":"parseAllowedOrigins","decl":{"start":{"line":19,"column":9},"end":{"line":19,"column":28}},"loc":{"start":{"line":19,"column":40},"end":{"line":36,"column":1}}},"2":{"name":"(anonymous_2)","decl":{"start":{"line":29,"column":12},"end":{"line":29,"column":13}},"loc":{"start":{"line":29,"column":22},"end":{"line":29,"column":37}}},"3":{"name":"(anonymous_3)","decl":{"start":{"line":74,"column":2},"end":{"line":74,"column":14}},"loc":{"start":{"line":74,"column":42},"end":{"line":120,"column":3}}},"4":{"name":"(anonymous_4)","decl":{"start":{"line":122,"column":2},"end":{"line":122,"column":17}},"loc":{"start":{"line":122,"column":32},"end":{"line":124,"column":3}}},"5":{"name":"(anonymous_5)","decl":{"start":{"line":126,"column":2},"end":{"line":126,"column":8}},"loc":{"start":{"line":126,"column":39},"end":{"line":128,"column":3}}}},"branchMap":{"0":{"loc":{"start":{"line":22,"column":2},"end":{"line":24,"column":3}},"type":"if","locations":[{"start":{"line":22,"column":2},"end":{"line":24,"column":3}},{"start":{},"end":{}}]},"1":{"loc":{"start":{"line":31,"column":2},"end":{"line":33,"column":3}},"type":"if","locations":[{"start":{"line":31,"column":2},"end":{"line":33,"column":3}},{"start":{},"end":{}}]},"2":{"loc":{"start":{"line":75,"column":23},"end":{"line":75,"column":47}},"type":"binary-expr","locations":[{"start":{"line":75,"column":23},"end":{"line":75,"column":39}},{"start":{"line":75,"column":43},"end":{"line":75,"column":47}}]},"3":{"loc":{"start":{"line":76,"column":16},"end":{"line":76,"column":45}},"type":"binary-expr","locations":[{"start":{"line":76,"column":16},"end":{"line":76,"column":32}},{"start":{"line":76,"column":36},"end":{"line":76,"column":45}}]},"4":{"loc":{"start":{"line":78,"column":21},"end":{"line":78,"column":65}},"type":"binary-expr","locations":[{"start":{"line":78,"column":21},"end":{"line":78,"column":35}},{"start":{"line":78,"column":39},"end":{"line":78,"column":65}}]},"5":{"loc":{"start":{"line":83,"column":13},"end":{"line":83,"column":70}},"type":"binary-expr","locations":[{"start":{"line":83,"column":13},"end":{"line":83,"column":43}},{"start":{"line":83,"column":47},"end":{"line":83,"column":70}}]},"6":{"loc":{"start":{"line":88,"column":13},"end":{"line":88,"column":67}},"type":"binary-expr","locations":[{"start":{"line":88,"column":13},"end":{"line":88,"column":36}},{"start":{"line":88,"column":40},"end":{"line":88,"column":67}}]},"7":{"loc":{"start":{"line":101,"column":50},"end":{"line":101,"column":80}},"type":"binary-expr","locations":[{"start":{"line":101,"column":50},"end":{"line":101,"column":74}},{"start":{"line":101,"column":78},"end":{"line":101,"column":80}}]},"8":{"loc":{"start":{"line":117,"column":4},"end":{"line":119,"column":5}},"type":"if","locations":[{"start":{"line":117,"column":4},"end":{"line":119,"column":5}},{"start":{},"end":{}}]}},"s":{"0":1,"1":1,"2":1,"3":91,"4":21,"5":21,"6":19,"7":2,"8":3,"9":2,"10":0,"11":2,"12":21,"13":21,"14":21,"15":21,"16":21,"17":21,"18":21,"19":21,"20":21,"21":21,"22":21,"23":21,"24":21,"25":21,"26":21,"27":21,"28":21,"29":21,"30":21,"31":21,"32":21,"33":21,"34":21,"35":21,"36":21,"37":21,"38":21,"39":21,"40":21,"41":1,"42":4,"43":2},"f":{"0":91,"1":21,"2":3,"3":21,"4":4,"5":2},"b":{"0":[19,2],"1":[0,2],"2":[21,20],"3":[21,20],"4":[21,1],"5":[21,20],"6":[21,20],"7":[21,19],"8":[1,20]}}
,"/home/milner/Desktop/rust/slotm/app/src/controllers/BaseController.ts": {"path":"/home/milner/Desktop/rust/slotm/app/src/controllers/BaseController.ts","statementMap":{"0":{"start":{"line":16,"column":4},"end":{"line":25,"column":6}},"1":{"start":{"line":17,"column":6},"end":{"line":24,"column":7}},"2":{"start":{"line":18,"column":8},"end":{"line":18,"column":27}},"3":{"start":{"line":20,"column":8},"end":{"line":23,"column":11}},"4":{"start":{"line":31,"column":4},"end":{"line":40,"column":6}},"5":{"start":{"line":32,"column":6},"end":{"line":39,"column":7}},"6":{"start":{"line":33,"column":8},"end":{"line":33,"column":27}},"7":{"start":{"line":35,"column":8},"end":{"line":38,"column":11}},"8":{"start":{"line":44,"column":17},"end":{"line":44,"column":25}},"9":{"start":{"line":45,"column":4},"end":{"line":47,"column":5}},"10":{"start":{"line":46,"column":6},"end":{"line":46,"column":38}},"11":{"start":{"line":48,"column":4},"end":{"line":48,"column":94}},"12":{"start":{"line":52,"column":4},"end":{"line":54,"column":5}},"13":{"start":{"line":53,"column":6},"end":{"line":53,"column":22}},"14":{"start":{"line":55,"column":4},"end":{"line":57,"column":5}},"15":{"start":{"line":56,"column":6},"end":{"line":56,"column":22}},"16":{"start":{"line":58,"column":4},"end":{"line":60,"column":5}},"17":{"start":{"line":59,"column":6},"end":{"line":59,"column":22}},"18":{"start":{"line":61,"column":4},"end":{"line":61,"column":17}},"19":{"start":{"line":68,"column":18},"end":{"line":68,"column":30}},"20":{"start":{"line":69,"column":4},"end":{"line":71,"column":5}},"21":{"start":{"line":70,"column":6},"end":{"line":70,"column":36}},"22":{"start":{"line":72,"column":4},"end":{"line":72,"column":31}},"23":{"start":{"line":76,"column":19},"end":{"line":76,"column":65}},"24":{"start":{"line":77,"column":4},"end":{"line":77,"column":55}},"25":{"start":{"line":81,"column":18},"end":{"line":81,"column":47}},"26":{"start":{"line":82,"column":17},"end":{"line":82,"column":45}},"27":{"start":{"line":83,"column":4},"end":{"line":85,"column":5}},"28":{"start":{"line":84,"column":6},"end":{"line":84,"column":62}},"29":{"start":{"line":86,"column":4},"end":{"line":88,"column":5}},"30":{"start":{"line":87,"column":6},"end":{"line":87,"column":45}},"31":{"start":{"line":89,"column":4},"end":{"line":89,"column":57}},"32":{"start":{"line":93,"column":4},"end":{"line":99,"column":6}}},"fnMap":{"0":{"name":"(anonymous_0)","decl":{"start":{"line":13,"column":12},"end":{"line":13,"column":23}},"loc":{"start":{"line":14,"column":54},"end":{"line":26,"column":3}}},"1":{"name":"(anonymous_1)","decl":{"start":{"line":16,"column":11},"end":{"line":16,"column":16}},"loc":{"start":{"line":16,"column":49},"end":{"line":25,"column":5}}},"2":{"name":"(anonymous_2)","decl":{"start":{"line":28,"column":12},"end":{"line":28,"column":23}},"loc":{"start":{"line":29,"column":54},"end":{"line":41,"column":3}}},"3":{"name":"(anonymous_3)","decl":{"start":{"line":31,"column":11},"end":{"line":31,"column":16}},"loc":{"start":{"line":31,"column":49},"end":{"line":40,"column":5}}},"4":{"name":"(anonymous_4)","decl":{"start":{"line":43,"column":12},"end":{"line":43,"column":27}},"loc":{"start":{"line":43,"column":40},"end":{"line":49,"column":3}}},"5":{"name":"(anonymous_5)","decl":{"start":{"line":51,"column":12},"end":{"line":51,"column":34}},"loc":{"start":{"line":51,"column":65},"end":{"line":62,"column":3}}},"6":{"name":"(anonymous_6)","decl":{"start":{"line":64,"column":12},"end":{"line":64,"column":23}},"loc":{"start":{"line":66,"column":15},"end":{"line":73,"column":3}}},"7":{"name":"(anonymous_7)","decl":{"start":{"line":75,"column":12},"end":{"line":75,"column":17}},"loc":{"start":{"line":75,"column":46},"end":{"line":78,"column":3}}},"8":{"name":"(anonymous_8)","decl":{"start":{"line":80,"column":12},"end":{"line":80,"column":24}},"loc":{"start":{"line":80,"column":39},"end":{"line":90,"column":3}}},"9":{"name":"(anonymous_9)","decl":{"start":{"line":92,"column":12},"end":{"line":92,"column":28}},"loc":{"start":{"line":92,"column":43},"end":{"line":100,"column":3}}}},"branchMap":{"0":{"loc":{"start":{"line":45,"column":4},"end":{"line":47,"column":5}},"type":"if","locations":[{"start":{"line":45,"column":4},"end":{"line":47,"column":5}},{"start":{},"end":{}}]},"1":{"loc":{"start":{"line":45,"column":8},"end":{"line":45,"column":57}},"type":"binary-expr","locations":[{"start":{"line":45,"column":8},"end":{"line":45,"column":19}},{"start":{"line":45,"column":23},"end":{"line":45,"column":36}},{"start":{"line":45,"column":40},"end":{"line":45,"column":57}}]},"2":{"loc":{"start":{"line":51,"column":51},"end":{"line":51,"column":65}},"type":"default-arg","locations":[{"start":{"line":51,"column":62},"end":{"line":51,"column":65}}]},"3":{"loc":{"start":{"line":52,"column":4},"end":{"line":54,"column":5}},"type":"if","locations":[{"start":{"line":52,"column":4},"end":{"line":54,"column":5}},{"start":{},"end":{}}]},"4":{"loc":{"start":{"line":52,"column":8},"end":{"line":52,"column":43}},"type":"binary-expr","locations":[{"start":{"line":52,"column":8},"end":{"line":52,"column":14}},{"start":{"line":52,"column":18},"end":{"line":52,"column":43}}]},"5":{"loc":{"start":{"line":55,"column":4},"end":{"line":57,"column":5}},"type":"if","locations":[{"start":{"line":55,"column":4},"end":{"line":57,"column":5}},{"start":{},"end":{}}]},"6":{"loc":{"start":{"line":58,"column":4},"end":{"line":60,"column":5}},"type":"if","locations":[{"start":{"line":58,"column":4},"end":{"line":60,"column":5}},{"start":{},"end":{}}]},"7":{"loc":{"start":{"line":69,"column":4},"end":{"line":71,"column":5}},"type":"if","locations":[{"start":{"line":69,"column":4},"end":{"line":71,"column":5}},{"start":{},"end":{}}]},"8":{"loc":{"start":{"line":70,"column":20},"end":{"line":70,"column":34}},"type":"binary-expr","locations":[{"start":{"line":70,"column":20},"end":{"line":70,"column":28}},{"start":{"line":70,"column":32},"end":{"line":70,"column":34}}]},"9":{"loc":{"start":{"line":72,"column":18},"end":{"line":72,"column":29}},"type":"binary-expr","locations":[{"start":{"line":72,"column":18},"end":{"line":72,"column":23}},{"start":{"line":72,"column":27},"end":{"line":72,"column":29}}]},"10":{"loc":{"start":{"line":75,"column":34},"end":{"line":75,"column":46}},"type":"default-arg","locations":[{"start":{"line":75,"column":45},"end":{"line":75,"column":46}}]},"11":{"loc":{"start":{"line":76,"column":42},"end":{"line":76,"column":59}},"type":"binary-expr","locations":[{"start":{"line":76,"column":42},"end":{"line":76,"column":47}},{"start":{"line":76,"column":51},"end":{"line":76,"column":59}}]},"12":{"loc":{"start":{"line":77,"column":11},"end":{"line":77,"column":54}},"type":"cond-expr","locations":[{"start":{"line":77,"column":37},"end":{"line":77,"column":43}},{"start":{"line":77,"column":46},"end":{"line":77,"column":54}}]},"13":{"loc":{"start":{"line":81,"column":19},"end":{"line":81,"column":39}},"type":"binary-expr","locations":[{"start":{"line":81,"column":19},"end":{"line":81,"column":33}},{"start":{"line":81,"column":37},"end":{"line":81,"column":39}}]},"14":{"loc":{"start":{"line":82,"column":18},"end":{"line":82,"column":37}},"type":"binary-expr","locations":[{"start":{"line":82,"column":18},"end":{"line":82,"column":31}},{"start":{"line":82,"column":35},"end":{"line":82,"column":37}}]},"15":{"loc":{"start":{"line":83,"column":4},"end":{"line":85,"column":5}},"type":"if","locations":[{"start":{"line":83,"column":4},"end":{"line":85,"column":5}},{"start":{},"end":{}}]},"16":{"loc":{"start":{"line":83,"column":8},"end":{"line":83,"column":43}},"type":"binary-expr","locations":[{"start":{"line":83,"column":8},"end":{"line":83,"column":24}},{"start":{"line":83,"column":28},"end":{"line":83,"column":43}}]},"17":{"loc":{"start":{"line":86,"column":4},"end":{"line":88,"column":5}},"type":"if","locations":[{"start":{"line":86,"column":4},"end":{"line":88,"column":5}},{"start":{},"end":{}}]},"18":{"loc":{"start":{"line":89,"column":12},"end":{"line":89,"column":29}},"type":"binary-expr","locations":[{"start":{"line":89,"column":12},"end":{"line":89,"column":22}},{"start":{"line":89,"column":26},"end":{"line":89,"column":29}}]},"19":{"loc":{"start":{"line":95,"column":23},"end":{"line":95,"column":43}},"type":"binary-expr","locations":[{"start":{"line":95,"column":23},"end":{"line":95,"column":37}},{"start":{"line":95,"column":41},"end":{"line":95,"column":43}}]},"20":{"loc":{"start":{"line":96,"column":22},"end":{"line":96,"column":41}},"type":"binary-expr","locations":[{"start":{"line":96,"column":22},"end":{"line":96,"column":35}},{"start":{"line":96,"column":39},"end":{"line":96,"column":41}}]},"21":{"loc":{"start":{"line":97,"column":28},"end":{"line":97,"column":53}},"type":"binary-expr","locations":[{"start":{"line":97,"column":28},"end":{"line":97,"column":47}},{"start":{"line":97,"column":51},"end":{"line":97,"column":53}}]}},"s":{"0":0,"1":0,"2":0,"3":0,"4":0,"5":0,"6":0,"7":0,"8":0,"9":0,"10":0,"11":0,"12":9,"13":5,"14":4,"15":1,"16":3,"17":1,"18":2,"19":6,"20":6,"21":1,"22":5,"23":7,"24":7,"25":8,"26":8,"27":8,"28":4,"29":4,"30":2,"31":2,"32":2},"f":{"0":0,"1":0,"2":0,"3":0,"4":0,"5":9,"6":6,"7":7,"8":8,"9":2},"b":{"0":[0,0],"1":[0,0,0],"2":[8],"3":[5,4],"4":[9,5],"5":[1,3],"6":[1,2],"7":[1,5],"8":[1,0],"9":[5,3],"10":[6],"11":[7,2],"12":[5,2],"13":[8,2],"14":[8,4],"15":[4,4],"16":[8,6],"17":[2,2],"18":[2,0],"19":[2,1],"20":[2,1],"21":[2,1]}}
,"/home/milner/Desktop/rust/slotm/app/src/game/miniGame.ts": {"path":"/home/milner/Desktop/rust/slotm/app/src/game/miniGame.ts","statementMap":{"0":{"start":{"line":1,"column":32},"end":{"line":1,"column":34}},"1":{"start":{"line":2,"column":35},"end":{"line":2,"column":37}},"2":{"start":{"line":3,"column":24},"end":{"line":3,"column":26}},"3":{"start":{"line":4,"column":27},"end":{"line":4,"column":70}},"4":{"start":{"line":5,"column":27},"end":{"line":5,"column":69}},"5":{"start":{"line":10,"column":27},"end":{"line":10,"column":28}},"6":{"start":{"line":11,"column":38},"end":{"line":11,"column":39}},"7":{"start":{"line":12,"column":27},"end":{"line":12,"column":30}},"8":{"start":{"line":13,"column":33},"end":{"line":13,"column":37}},"9":{"start":{"line":70,"column":15},"end":{"line":70,"column":25}},"10":{"start":{"line":71,"column":2},"end":{"line":80,"column":3}},"11":{"start":{"line":71,"column":15},"end":{"line":71,"column":30}},"12":{"start":{"line":72,"column":14},"end":{"line":72,"column":49}},"13":{"start":{"line":73,"column":17},"end":{"line":73,"column":24}},"14":{"start":{"line":74,"column":18},"end":{"line":74,"column":25}},"15":{"start":{"line":75,"column":4},"end":{"line":77,"column":5}},"16":{"start":{"line":76,"column":6},"end":{"line":76,"column":15}},"17":{"start":{"line":78,"column":4},"end":{"line":78,"column":20}},"18":{"start":{"line":79,"column":4},"end":{"line":79,"column":19}},"19":{"start":{"line":81,"column":2},"end":{"line":81,"column":14}},"20":{"start":{"line":85,"column":15},"end":{"line":85,"column":80}},"21":{"start":{"line":85,"column":70},"end":{"line":85,"column":79}},"22":{"start":{"line":86,"column":2},"end":{"line":86,"column":53}},"23":{"start":{"line":90,"column":2},"end":{"line":90,"column":39}},"24":{"start":{"line":94,"column":2},"end":{"line":98,"column":4}},"25":{"start":{"line":102,"column":2},"end":{"line":104,"column":3}},"26":{"start":{"line":103,"column":4},"end":{"line":103,"column":51}},"27":{"start":{"line":106,"column":2},"end":{"line":108,"column":3}},"28":{"start":{"line":107,"column":4},"end":{"line":107,"column":84}},"29":{"start":{"line":110,"column":15},"end":{"line":110,"column":32}},"30":{"start":{"line":111,"column":17},"end":{"line":111,"column":18}},"31":{"start":{"line":113,"column":2},"end":{"line":131,"column":3}},"32":{"start":{"line":114,"column":19},"end":{"line":114,"column":38}},"33":{"start":{"line":115,"column":16},"end":{"line":115,"column":32}},"34":{"start":{"line":117,"column":4},"end":{"line":119,"column":5}},"35":{"start":{"line":118,"column":6},"end":{"line":118,"column":86}},"36":{"start":{"line":121,"column":4},"end":{"line":123,"column":5}},"37":{"start":{"line":122,"column":6},"end":{"line":122,"column":92}},"38":{"start":{"line":124,"column":4},"end":{"line":124,"column":21}},"39":{"start":{"line":126,"column":4},"end":{"line":128,"column":5}},"40":{"start":{"line":127,"column":6},"end":{"line":127,"column":93}},"41":{"start":{"line":130,"column":4},"end":{"line":130,"column":20}},"42":{"start":{"line":133,"column":2},"end":{"line":137,"column":3}},"43":{"start":{"line":134,"column":4},"end":{"line":136,"column":6}},"44":{"start":{"line":141,"column":2},"end":{"line":141,"column":27}},"45":{"start":{"line":143,"column":23},"end":{"line":143,"column":36}},"46":{"start":{"line":144,"column":54},"end":{"line":144,"column":56}},"47":{"start":{"line":145,"column":17},"end":{"line":145,"column":18}},"48":{"start":{"line":146,"column":20},"end":{"line":146,"column":21}},"49":{"start":{"line":147,"column":21},"end":{"line":147,"column":22}},"50":{"start":{"line":149,"column":2},"end":{"line":168,"column":3}},"51":{"start":{"line":150,"column":19},"end":{"line":150,"column":38}},"52":{"start":{"line":151,"column":16},"end":{"line":151,"column":32}},"53":{"start":{"line":152,"column":20},"end":{"line":152,"column":49}},"54":{"start":{"line":153,"column":19},"end":{"line":153,"column":53}},"55":{"start":{"line":155,"column":4},"end":{"line":157,"column":5}},"56":{"start":{"line":156,"column":6},"end":{"line":156,"column":24}},"57":{"start":{"line":159,"column":4},"end":{"line":159,"column":20}},"58":{"start":{"line":160,"column":4},"end":{"line":160,"column":26}},"59":{"start":{"line":162,"column":4},"end":{"line":167,"column":7}},"60":{"start":{"line":170,"column":2},"end":{"line":178,"column":4}},"61":{"start":{"line":182,"column":2},"end":{"line":184,"column":3}},"62":{"start":{"line":183,"column":4},"end":{"line":183,"column":24}},"63":{"start":{"line":185,"column":2},"end":{"line":185,"column":11}},"64":{"start":{"line":203,"column":19},"end":{"line":219,"column":45}},"65":{"start":{"line":224,"column":14},"end":{"line":224,"column":36}},"66":{"start":{"line":225,"column":2},"end":{"line":227,"column":3}},"67":{"start":{"line":226,"column":4},"end":{"line":226,"column":43}},"68":{"start":{"line":228,"column":2},"end":{"line":228,"column":11}},"69":{"start":{"line":235,"column":2},"end":{"line":237,"column":80}},"70":{"start":{"line":236,"column":24},"end":{"line":236,"column":41}},"71":{"start":{"line":237,"column":29},"end":{"line":237,"column":75}},"72":{"start":{"line":241,"column":20},"end":{"line":241,"column":46}},"73":{"start":{"line":242,"column":2},"end":{"line":244,"column":3}},"74":{"start":{"line":243,"column":4},"end":{"line":243,"column":96}},"75":{"start":{"line":246,"column":2},"end":{"line":248,"column":3}},"76":{"start":{"line":247,"column":4},"end":{"line":247,"column":48}},"77":{"start":{"line":250,"column":24},"end":{"line":250,"column":100}},"78":{"start":{"line":250,"column":57},"end":{"line":250,"column":99}},"79":{"start":{"line":251,"column":2},"end":{"line":253,"column":3}},"80":{"start":{"line":252,"column":4},"end":{"line":252,"column":62}},"81":{"start":{"line":255,"column":2},"end":{"line":257,"column":3}},"82":{"start":{"line":256,"column":4},"end":{"line":256,"column":93}},"83":{"start":{"line":259,"column":18},"end":{"line":259,"column":35}},"84":{"start":{"line":261,"column":2},"end":{"line":284,"column":3}},"85":{"start":{"line":261,"column":15},"end":{"line":261,"column":16}},"86":{"start":{"line":262,"column":22},"end":{"line":262,"column":40}},"87":{"start":{"line":263,"column":19},"end":{"line":263,"column":60}},"88":{"start":{"line":265,"column":4},"end":{"line":267,"column":5}},"89":{"start":{"line":266,"column":6},"end":{"line":266,"column":94}},"90":{"start":{"line":269,"column":4},"end":{"line":283,"column":5}},"91":{"start":{"line":270,"column":21},"end":{"line":270,"column":34}},"92":{"start":{"line":271,"column":6},"end":{"line":275,"column":7}},"93":{"start":{"line":272,"column":8},"end":{"line":274,"column":10}},"94":{"start":{"line":277,"column":6},"end":{"line":281,"column":7}},"95":{"start":{"line":278,"column":8},"end":{"line":280,"column":10}},"96":{"start":{"line":282,"column":6},"end":{"line":282,"column":26}},"97":{"start":{"line":286,"column":19},"end":{"line":286,"column":70}},"98":{"start":{"line":287,"column":2},"end":{"line":291,"column":3}},"99":{"start":{"line":288,"column":4},"end":{"line":290,"column":6}},"100":{"start":{"line":295,"column":2},"end":{"line":295,"column":33}},"101":{"start":{"line":297,"column":20},"end":{"line":297,"column":46}},"102":{"start":{"line":298,"column":23},"end":{"line":298,"column":36}},"103":{"start":{"line":299,"column":54},"end":{"line":299,"column":56}},"104":{"start":{"line":300,"column":20},"end":{"line":300,"column":21}},"105":{"start":{"line":302,"column":2},"end":{"line":323,"column":3}},"106":{"start":{"line":303,"column":19},"end":{"line":303,"column":90}},"107":{"start":{"line":303,"column":71},"end":{"line":303,"column":84}},"108":{"start":{"line":305,"column":4},"end":{"line":308,"column":5}},"109":{"start":{"line":306,"column":6},"end":{"line":306,"column":79}},"110":{"start":{"line":307,"column":6},"end":{"line":307,"column":15}},"111":{"start":{"line":310,"column":19},"end":{"line":310,"column":32}},"112":{"start":{"line":311,"column":20},"end":{"line":311,"column":83}},"113":{"start":{"line":311,"column":46},"end":{"line":311,"column":75}},"114":{"start":{"line":312,"column":16},"end":{"line":312,"column":49}},"115":{"start":{"line":313,"column":17},"end":{"line":313,"column":42}},"116":{"start":{"line":314,"column":19},"end":{"line":314,"column":71}},"117":{"start":{"line":316,"column":4},"end":{"line":316,"column":26}},"118":{"start":{"line":317,"column":4},"end":{"line":322,"column":7}},"119":{"start":{"line":325,"column":19},"end":{"line":325,"column":70}},"120":{"start":{"line":327,"column":2},"end":{"line":333,"column":4}}},"fnMap":{"0":{"name":"shuffle","decl":{"start":{"line":69,"column":9},"end":{"line":69,"column":16}},"loc":{"start":{"line":69,"column":39},"end":{"line":82,"column":1}}},"1":{"name":"drawNumbers","decl":{"start":{"line":84,"column":16},"end":{"line":84,"column":27}},"loc":{"start":{"line":84,"column":27},"end":{"line":87,"column":1}}},"2":{"name":"(anonymous_2)","decl":{"start":{"line":85,"column":56},"end":{"line":85,"column":57}},"loc":{"start":{"line":85,"column":70},"end":{"line":85,"column":79}}},"3":{"name":"calculatePayout","decl":{"start":{"line":89,"column":9},"end":{"line":89,"column":24}},"loc":{"start":{"line":89,"column":36},"end":{"line":91,"column":1}}},"4":{"name":"buildOddsInfo","decl":{"start":{"line":93,"column":9},"end":{"line":93,"column":22}},"loc":{"start":{"line":93,"column":22},"end":{"line":99,"column":1}}},"5":{"name":"validateRequest","decl":{"start":{"line":101,"column":16},"end":{"line":101,"column":31}},"loc":{"start":{"line":101,"column":62},"end":{"line":138,"column":1}}},"6":{"name":"executeMinigame","decl":{"start":{"line":140,"column":16},"end":{"line":140,"column":31}},"loc":{"start":{"line":140,"column":62},"end":{"line":179,"column":1}}},"7":{"name":"betMultiplier","decl":{"start":{"line":181,"column":16},"end":{"line":181,"column":29}},"loc":{"start":{"line":181,"column":50},"end":{"line":186,"column":1}}},"8":{"name":"findOdds","decl":{"start":{"line":223,"column":16},"end":{"line":223,"column":24}},"loc":{"start":{"line":223,"column":56},"end":{"line":229,"column":1}}},"9":{"name":"calculateTicketTotalBet","decl":{"start":{"line":231,"column":16},"end":{"line":231,"column":39}},"loc":{"start":{"line":233,"column":19},"end":{"line":238,"column":1}}},"10":{"name":"(anonymous_10)","decl":{"start":{"line":236,"column":12},"end":{"line":236,"column":13}},"loc":{"start":{"line":236,"column":24},"end":{"line":236,"column":41}}},"11":{"name":"(anonymous_11)","decl":{"start":{"line":237,"column":12},"end":{"line":237,"column":13}},"loc":{"start":{"line":237,"column":29},"end":{"line":237,"column":75}}},"12":{"name":"validateTicketRequest","decl":{"start":{"line":240,"column":16},"end":{"line":240,"column":37}},"loc":{"start":{"line":240,"column":68},"end":{"line":292,"column":1}}},"13":{"name":"(anonymous_13)","decl":{"start":{"line":250,"column":45},"end":{"line":250,"column":46}},"loc":{"start":{"line":250,"column":57},"end":{"line":250,"column":99}}},"14":{"name":"executeTicketMinigame","decl":{"start":{"line":294,"column":16},"end":{"line":294,"column":37}},"loc":{"start":{"line":294,"column":68},"end":{"line":334,"column":1}}},"15":{"name":"(anonymous_15)","decl":{"start":{"line":303,"column":60},"end":{"line":303,"column":61}},"loc":{"start":{"line":303,"column":71},"end":{"line":303,"column":84}}},"16":{"name":"(anonymous_16)","decl":{"start":{"line":311,"column":34},"end":{"line":311,"column":35}},"loc":{"start":{"line":311,"column":46},"end":{"line":311,"column":75}}}},"branchMap":{"0":{"loc":{"start":{"line":75,"column":4},"end":{"line":77,"column":5}},"type":"if","locations":[{"start":{"line":75,"column":4},"end":{"line":77,"column":5}},{"start":{},"end":{}}]},"1":{"loc":{"start":{"line":75,"column":8},"end":{"line":75,"column":49}},"type":"binary-expr","locations":[{"start":{"line":75,"column":8},"end":{"line":75,"column":26}},{"start":{"line":75,"column":30},"end":{"line":75,"column":49}}]},"2":{"loc":{"start":{"line":102,"column":2},"end":{"line":104,"column":3}},"type":"if","locations":[{"start":{"line":102,"column":2},"end":{"line":104,"column":3}},{"start":{},"end":{}}]},"3":{"loc":{"start":{"line":102,"column":6},"end":{"line":102,"column":75}},"type":"binary-expr","locations":[{"start":{"line":102,"column":6},"end":{"line":102,"column":14}},{"start":{"line":102,"column":18},"end":{"line":102,"column":46}},{"start":{"line":102,"column":50},"end":{"line":102,"column":75}}]},"4":{"loc":{"start":{"line":106,"column":2},"end":{"line":108,"column":3}},"type":"if","locations":[{"start":{"line":106,"column":2},"end":{"line":108,"column":3}},{"start":{},"end":{}}]},"5":{"loc":{"start":{"line":117,"column":4},"end":{"line":119,"column":5}},"type":"if","locations":[{"start":{"line":117,"column":4},"end":{"line":119,"column":5}},{"start":{},"end":{}}]},"6":{"loc":{"start":{"line":117,"column":8},"end":{"line":117,"column":76}},"type":"binary-expr","locations":[{"start":{"line":117,"column":8},"end":{"line":117,"column":33}},{"start":{"line":117,"column":37},"end":{"line":117,"column":47}},{"start":{"line":117,"column":51},"end":{"line":117,"column":76}}]},"7":{"loc":{"start":{"line":121,"column":4},"end":{"line":123,"column":5}},"type":"if","locations":[{"start":{"line":121,"column":4},"end":{"line":123,"column":5}},{"start":{},"end":{}}]},"8":{"loc":{"start":{"line":126,"column":4},"end":{"line":128,"column":5}},"type":"if","locations":[{"start":{"line":126,"column":4},"end":{"line":128,"column":5}},{"start":{},"end":{}}]},"9":{"loc":{"start":{"line":133,"column":2},"end":{"line":137,"column":3}},"type":"if","locations":[{"start":{"line":133,"column":2},"end":{"line":137,"column":3}},{"start":{},"end":{}}]},"10":{"loc":{"start":{"line":133,"column":24},"end":{"line":133,"column":47}},"type":"binary-expr","locations":[{"start":{"line":133,"column":24},"end":{"line":133,"column":42}},{"start":{"line":133,"column":46},"end":{"line":133,"column":47}}]},"11":{"loc":{"start":{"line":135,"column":65},"end":{"line":135,"column":88}},"type":"binary-expr","locations":[{"start":{"line":135,"column":65},"end":{"line":135,"column":83}},{"start":{"line":135,"column":87},"end":{"line":135,"column":88}}]},"12":{"loc":{"start":{"line":153,"column":19},"end":{"line":153,"column":53}},"type":"cond-expr","locations":[{"start":{"line":153,"column":29},"end":{"line":153,"column":49}},{"start":{"line":153,"column":52},"end":{"line":153,"column":53}}]},"13":{"loc":{"start":{"line":155,"column":4},"end":{"line":157,"column":5}},"type":"if","locations":[{"start":{"line":155,"column":4},"end":{"line":157,"column":5}},{"start":{},"end":{}}]},"14":{"loc":{"start":{"line":182,"column":2},"end":{"line":184,"column":3}},"type":"if","locations":[{"start":{"line":182,"column":2},"end":{"line":184,"column":3}},{"start":{},"end":{}}]},"15":{"loc":{"start":{"line":182,"column":6},"end":{"line":182,"column":44}},"type":"binary-expr","locations":[{"start":{"line":182,"column":6},"end":{"line":182,"column":23}},{"start":{"line":182,"column":27},"end":{"line":182,"column":44}}]},"16":{"loc":{"start":{"line":225,"column":2},"end":{"line":227,"column":3}},"type":"if","locations":[{"start":{"line":225,"column":2},"end":{"line":227,"column":3}},{"start":{},"end":{}}]},"17":{"loc":{"start":{"line":242,"column":2},"end":{"line":244,"column":3}},"type":"if","locations":[{"start":{"line":242,"column":2},"end":{"line":244,"column":3}},{"start":{},"end":{}}]},"18":{"loc":{"start":{"line":246,"column":2},"end":{"line":248,"column":3}},"type":"if","locations":[{"start":{"line":246,"column":2},"end":{"line":248,"column":3}},{"start":{},"end":{}}]},"19":{"loc":{"start":{"line":250,"column":57},"end":{"line":250,"column":99}},"type":"binary-expr","locations":[{"start":{"line":250,"column":57},"end":{"line":250,"column":78}},{"start":{"line":250,"column":82},"end":{"line":250,"column":99}}]},"20":{"loc":{"start":{"line":251,"column":2},"end":{"line":253,"column":3}},"type":"if","locations":[{"start":{"line":251,"column":2},"end":{"line":253,"column":3}},{"start":{},"end":{}}]},"21":{"loc":{"start":{"line":255,"column":2},"end":{"line":257,"column":3}},"type":"if","locations":[{"start":{"line":255,"column":2},"end":{"line":257,"column":3}},{"start":{},"end":{}}]},"22":{"loc":{"start":{"line":263,"column":19},"end":{"line":263,"column":60}},"type":"cond-expr","locations":[{"start":{"line":263,"column":46},"end":{"line":263,"column":55}},{"start":{"line":263,"column":58},"end":{"line":263,"column":60}}]},"23":{"loc":{"start":{"line":265,"column":4},"end":{"line":267,"column":5}},"type":"if","locations":[{"start":{"line":265,"column":4},"end":{"line":267,"column":5}},{"start":{},"end":{}}]},"24":{"loc":{"start":{"line":271,"column":6},"end":{"line":275,"column":7}},"type":"if","locations":[{"start":{"line":271,"column":6},"end":{"line":275,"column":7}},{"start":{},"end":{}}]},"25":{"loc":{"start":{"line":271,"column":10},"end":{"line":271,"column":78}},"type":"binary-expr","locations":[{"start":{"line":271,"column":10},"end":{"line":271,"column":35}},{"start":{"line":271,"column":39},"end":{"line":271,"column":49}},{"start":{"line":271,"column":53},"end":{"line":271,"column":78}}]},"26":{"loc":{"start":{"line":277,"column":6},"end":{"line":281,"column":7}},"type":"if","locations":[{"start":{"line":277,"column":6},"end":{"line":281,"column":7}},{"start":{},"end":{}}]},"27":{"loc":{"start":{"line":287,"column":2},"end":{"line":291,"column":3}},"type":"if","locations":[{"start":{"line":287,"column":2},"end":{"line":291,"column":3}},{"start":{},"end":{}}]},"28":{"loc":{"start":{"line":287,"column":24},"end":{"line":287,"column":47}},"type":"binary-expr","locations":[{"start":{"line":287,"column":24},"end":{"line":287,"column":42}},{"start":{"line":287,"column":46},"end":{"line":287,"column":47}}]},"29":{"loc":{"start":{"line":289,"column":67},"end":{"line":289,"column":90}},"type":"binary-expr","locations":[{"start":{"line":289,"column":67},"end":{"line":289,"column":85}},{"start":{"line":289,"column":89},"end":{"line":289,"column":90}}]},"30":{"loc":{"start":{"line":303,"column":19},"end":{"line":303,"column":90}},"type":"cond-expr","locations":[{"start":{"line":303,"column":46},"end":{"line":303,"column":85}},{"start":{"line":303,"column":88},"end":{"line":303,"column":90}}]},"31":{"loc":{"start":{"line":305,"column":4},"end":{"line":308,"column":5}},"type":"if","locations":[{"start":{"line":305,"column":4},"end":{"line":308,"column":5}},{"start":{},"end":{}}]},"32":{"loc":{"start":{"line":314,"column":19},"end":{"line":314,"column":71}},"type":"cond-expr","locations":[{"start":{"line":314,"column":45},"end":{"line":314,"column":67}},{"start":{"line":314,"column":70},"end":{"line":314,"column":71}}]},"33":{"loc":{"start":{"line":314,"column":19},"end":{"line":314,"column":42}},"type":"binary-expr","locations":[{"start":{"line":314,"column":19},"end":{"line":314,"column":30}},{"start":{"line":314,"column":34},"end":{"line":314,"column":42}}]}},"s":{"0":3,"1":3,"2":3,"3":3,"4":3,"5":3,"6":3,"7":3,"8":3,"9":20,"10":20,"11":20,"12":580,"13":580,"14":580,"15":580,"16":0,"17":580,"18":580,"19":20,"20":20,"21":600,"22":20,"23":3,"24":9,"25":19,"26":3,"27":16,"28":1,"29":15,"30":15,"31":15,"32":19,"33":19,"34":19,"35":2,"36":17,"37":1,"38":16,"39":16,"40":1,"41":15,"42":11,"43":1,"44":10,"45":9,"46":9,"47":9,"48":9,"49":9,"50":9,"51":11,"52":11,"53":11,"54":11,"55":11,"56":3,"57":11,"58":11,"59":11,"60":9,"61":42,"62":39,"63":3,"64":3,"65":17,"66":17,"67":10,"68":7,"69":22,"70":30,"71":25,"72":18,"73":18,"74":2,"75":16,"76":0,"77":16,"78":17,"79":16,"80":1,"81":15,"82":1,"83":14,"84":14,"85":14,"86":18,"87":18,"88":18,"89":1,"90":17,"91":35,"92":35,"93":2,"94":33,"95":1,"96":32,"97":10,"98":10,"99":1,"100":9,"101":8,"102":8,"103":8,"104":8,"105":8,"106":10,"107":20,"108":10,"109":1,"110":1,"111":9,"112":9,"113":20,"114":9,"115":9,"116":9,"117":9,"118":9,"119":8,"120":8},"f":{"0":20,"1":20,"2":600,"3":3,"4":9,"5":19,"6":10,"7":42,"8":17,"9":22,"10":30,"11":25,"12":18,"13":17,"14":9,"15":20,"16":20},"b":{"0":[0,580],"1":[580,580],"2":[3,16],"3":[19,18,18],"4":[1,15],"5":[2,17],"6":[19,19,18],"7":[1,16],"8":[1,15],"9":[1,10],"10":[11,0],"11":[1,0],"12":[3,8],"13":[3,8],"14":[39,3],"15":[42,40],"16":[10,7],"17":[2,16],"18":[0,16],"19":[17,17],"20":[1,15],"21":[1,14],"22":[18,0],"23":[1,17],"24":[2,33],"25":[35,35,34],"26":[1,32],"27":[1,9],"28":[10,0],"29":[1,0],"30":[10,0],"31":[1,9],"32":[5,4],"33":[9,5]}}
,"/home/milner/Desktop/rust/slotm/app/src/game/slotMachine.ts": {"path":"/home/milner/Desktop/rust/slotm/app/src/game/slotMachine.ts","statementMap":{"0":{"start":{"line":13,"column":28},"end":{"line":13,"column":30}},"1":{"start":{"line":14,"column":2},"end":{"line":17,"column":3}},"2":{"start":{"line":14,"column":15},"end":{"line":14,"column":16}},"3":{"start":{"line":15,"column":18},"end":{"line":15,"column":59}},"4":{"start":{"line":16,"column":4},"end":{"line":16,"column":61}},"5":{"start":{"line":18,"column":2},"end":{"line":18,"column":17}},"6":{"start":{"line":22,"column":2},"end":{"line":24,"column":3}},"7":{"start":{"line":23,"column":4},"end":{"line":23,"column":47}},"8":{"start":{"line":26,"column":15},"end":{"line":26,"column":45}},"9":{"start":{"line":28,"column":2},"end":{"line":37,"column":3}},"10":{"start":{"line":28,"column":15},"end":{"line":28,"column":16}},"11":{"start":{"line":29,"column":19},"end":{"line":29,"column":42}},"12":{"start":{"line":30,"column":16},"end":{"line":30,"column":56}},"13":{"start":{"line":31,"column":16},"end":{"line":31,"column":22}},"14":{"start":{"line":32,"column":16},"end":{"line":32,"column":56}},"15":{"start":{"line":34,"column":4},"end":{"line":34,"column":26}},"16":{"start":{"line":35,"column":4},"end":{"line":35,"column":30}},"17":{"start":{"line":36,"column":4},"end":{"line":36,"column":31}},"18":{"start":{"line":39,"column":2},"end":{"line":41,"column":3}},"19":{"start":{"line":40,"column":4},"end":{"line":40,"column":43}},"20":{"start":{"line":43,"column":2},"end":{"line":43,"column":14}},"21":{"start":{"line":47,"column":2},"end":{"line":49,"column":3}},"22":{"start":{"line":48,"column":4},"end":{"line":48,"column":51}},"23":{"start":{"line":51,"column":29},"end":{"line":51,"column":31}},"24":{"start":{"line":52,"column":2},"end":{"line":65,"column":3}},"25":{"start":{"line":52,"column":15},"end":{"line":52,"column":16}},"26":{"start":{"line":53,"column":19},"end":{"line":53,"column":33}},"27":{"start":{"line":54,"column":4},"end":{"line":64,"column":5}},"28":{"start":{"line":55,"column":6},"end":{"line":60,"column":7}},"29":{"start":{"line":56,"column":26},"end":{"line":56,"column":61}},"30":{"start":{"line":57,"column":8},"end":{"line":57,"column":66}},"31":{"start":{"line":59,"column":8},"end":{"line":59,"column":58}},"32":{"start":{"line":62,"column":20},"end":{"line":62,"column":47}},"33":{"start":{"line":63,"column":6},"end":{"line":63,"column":56}},"34":{"start":{"line":67,"column":22},"end":{"line":67,"column":38}},"35":{"start":{"line":68,"column":19},"end":{"line":68,"column":20}},"36":{"start":{"line":69,"column":2},"end":{"line":75,"column":3}},"37":{"start":{"line":69,"column":15},"end":{"line":69,"column":16}},"38":{"start":{"line":70,"column":4},"end":{"line":74,"column":5}},"39":{"start":{"line":71,"column":6},"end":{"line":71,"column":22}},"40":{"start":{"line":73,"column":6},"end":{"line":73,"column":12}},"41":{"start":{"line":77,"column":2},"end":{"line":77,"column":35}},"42":{"start":{"line":85,"column":22},"end":{"line":85,"column":49}},"43":{"start":{"line":86,"column":30},"end":{"line":86,"column":31}},"44":{"start":{"line":87,"column":25},"end":{"line":87,"column":58}},"45":{"start":{"line":89,"column":2},"end":{"line":91,"column":3}},"46":{"start":{"line":90,"column":4},"end":{"line":90,"column":13}},"47":{"start":{"line":93,"column":22},"end":{"line":93,"column":57}},"48":{"start":{"line":94,"column":2},"end":{"line":96,"column":3}},"49":{"start":{"line":95,"column":4},"end":{"line":95,"column":13}},"50":{"start":{"line":98,"column":21},"end":{"line":98,"column":65}},"51":{"start":{"line":99,"column":22},"end":{"line":99,"column":54}},"52":{"start":{"line":101,"column":18},"end":{"line":106,"column":4}},"53":{"start":{"line":107,"column":22},"end":{"line":107,"column":45}},"54":{"start":{"line":108,"column":2},"end":{"line":110,"column":3}},"55":{"start":{"line":109,"column":4},"end":{"line":109,"column":13}},"56":{"start":{"line":112,"column":2},"end":{"line":112,"column":55}},"57":{"start":{"line":122,"column":22},"end":{"line":122,"column":72}},"58":{"start":{"line":122,"column":49},"end":{"line":122,"column":71}},"59":{"start":{"line":123,"column":31},"end":{"line":123,"column":67}},"60":{"start":{"line":125,"column":2},"end":{"line":127,"column":3}},"61":{"start":{"line":126,"column":4},"end":{"line":126,"column":16}},"62":{"start":{"line":129,"column":21},"end":{"line":129,"column":61}},"63":{"start":{"line":130,"column":2},"end":{"line":132,"column":3}},"64":{"start":{"line":131,"column":4},"end":{"line":131,"column":16}},"65":{"start":{"line":134,"column":17},"end":{"line":134,"column":33}},"66":{"start":{"line":135,"column":2},"end":{"line":142,"column":4}},"67":{"start":{"line":146,"column":2},"end":{"line":148,"column":3}},"68":{"start":{"line":147,"column":4},"end":{"line":147,"column":17}},"69":{"start":{"line":149,"column":2},"end":{"line":149,"column":26}},"70":{"start":{"line":157,"column":22},"end":{"line":157,"column":59}},"71":{"start":{"line":157,"column":44},"end":{"line":157,"column":58}},"72":{"start":{"line":158,"column":31},"end":{"line":158,"column":67}},"73":{"start":{"line":159,"column":34},"end":{"line":159,"column":36}},"74":{"start":{"line":160,"column":20},"end":{"line":160,"column":21}},"75":{"start":{"line":162,"column":2},"end":{"line":176,"column":3}},"76":{"start":{"line":163,"column":23},"end":{"line":163,"column":71}},"77":{"start":{"line":164,"column":4},"end":{"line":175,"column":5}},"78":{"start":{"line":165,"column":21},"end":{"line":165,"column":46}},"79":{"start":{"line":166,"column":6},"end":{"line":166,"column":27}},"80":{"start":{"line":167,"column":6},"end":{"line":174,"column":9}},"81":{"start":{"line":178,"column":2},"end":{"line":185,"column":4}},"82":{"start":{"line":193,"column":15},"end":{"line":193,"column":47}},"83":{"start":{"line":194,"column":34},"end":{"line":194,"column":36}},"84":{"start":{"line":195,"column":20},"end":{"line":195,"column":21}},"85":{"start":{"line":197,"column":2},"end":{"line":214,"column":3}},"86":{"start":{"line":197,"column":15},"end":{"line":197,"column":16}},"87":{"start":{"line":198,"column":4},"end":{"line":200,"column":5}},"88":{"start":{"line":199,"column":6},"end":{"line":199,"column":15}},"89":{"start":{"line":202,"column":20},"end":{"line":202,"column":31}},"90":{"start":{"line":203,"column":4},"end":{"line":205,"column":5}},"91":{"start":{"line":204,"column":6},"end":{"line":204,"column":15}},"92":{"start":{"line":207,"column":16},"end":{"line":207,"column":78}},"93":{"start":{"line":208,"column":4},"end":{"line":210,"column":5}},"94":{"start":{"line":209,"column":6},"end":{"line":209,"column":15}},"95":{"start":{"line":212,"column":4},"end":{"line":212,"column":30}},"96":{"start":{"line":213,"column":4},"end":{"line":213,"column":27}},"97":{"start":{"line":216,"column":2},"end":{"line":223,"column":4}},"98":{"start":{"line":227,"column":16},"end":{"line":227,"column":44}},"99":{"start":{"line":228,"column":2},"end":{"line":228,"column":59}},"100":{"start":{"line":236,"column":2},"end":{"line":238,"column":3}},"101":{"start":{"line":237,"column":4},"end":{"line":237,"column":59}},"102":{"start":{"line":239,"column":2},"end":{"line":239,"column":56}}},"fnMap":{"0":{"name":"generateSymbols","decl":{"start":{"line":12,"column":16},"end":{"line":12,"column":31}},"loc":{"start":{"line":12,"column":68},"end":{"line":19,"column":1}}},"1":{"name":"buildGrid","decl":{"start":{"line":21,"column":16},"end":{"line":21,"column":25}},"loc":{"start":{"line":21,"column":75},"end":{"line":44,"column":1}}},"2":{"name":"countConsecutiveMatches","decl":{"start":{"line":46,"column":9},"end":{"line":46,"column":32}},"loc":{"start":{"line":46,"column":63},"end":{"line":78,"column":1}}},"3":{"name":"getMultiplier","decl":{"start":{"line":80,"column":9},"end":{"line":80,"column":22}},"loc":{"start":{"line":83,"column":26},"end":{"line":113,"column":1}}},"4":{"name":"evaluatePayline","decl":{"start":{"line":115,"column":9},"end":{"line":115,"column":24}},"loc":{"start":{"line":120,"column":13},"end":{"line":143,"column":1}}},"5":{"name":"(anonymous_5)","decl":{"start":{"line":122,"column":34},"end":{"line":122,"column":35}},"loc":{"start":{"line":122,"column":49},"end":{"line":122,"column":71}}},"6":{"name":"shouldTriggerMiniGame","decl":{"start":{"line":145,"column":9},"end":{"line":145,"column":30}},"loc":{"start":{"line":145,"column":74},"end":{"line":150,"column":1}}},"7":{"name":"executeSingleLineSpin","decl":{"start":{"line":152,"column":9},"end":{"line":152,"column":30}},"loc":{"start":{"line":155,"column":24},"end":{"line":186,"column":1}}},"8":{"name":"(anonymous_8)","decl":{"start":{"line":157,"column":32},"end":{"line":157,"column":33}},"loc":{"start":{"line":157,"column":44},"end":{"line":157,"column":58}}},"9":{"name":"executeMultiLineSpin","decl":{"start":{"line":188,"column":9},"end":{"line":188,"column":29}},"loc":{"start":{"line":191,"column":24},"end":{"line":224,"column":1}}},"10":{"name":"executeSpin","decl":{"start":{"line":226,"column":16},"end":{"line":226,"column":27}},"loc":{"start":{"line":226,"column":48},"end":{"line":229,"column":1}}},"11":{"name":"executeSpinWithReels","decl":{"start":{"line":231,"column":16},"end":{"line":231,"column":36}},"loc":{"start":{"line":234,"column":38},"end":{"line":240,"column":1}}}},"branchMap":{"0":{"loc":{"start":{"line":12,"column":32},"end":{"line":12,"column":68}},"type":"default-arg","locations":[{"start":{"line":12,"column":57},"end":{"line":12,"column":68}}]},"1":{"loc":{"start":{"line":22,"column":2},"end":{"line":24,"column":3}},"type":"if","locations":[{"start":{"line":22,"column":2},"end":{"line":24,"column":3}},{"start":{},"end":{}}]},"2":{"loc":{"start":{"line":22,"column":6},"end":{"line":22,"column":60}},"type":"binary-expr","locations":[{"start":{"line":22,"column":6},"end":{"line":22,"column":29}},{"start":{"line":22,"column":33},"end":{"line":22,"column":60}}]},"3":{"loc":{"start":{"line":29,"column":19},"end":{"line":29,"column":42}},"type":"binary-expr","locations":[{"start":{"line":29,"column":19},"end":{"line":29,"column":37}},{"start":{"line":29,"column":41},"end":{"line":29,"column":42}}]},"4":{"loc":{"start":{"line":30,"column":16},"end":{"line":30,"column":56}},"type":"cond-expr","locations":[{"start":{"line":30,"column":42},"end":{"line":30,"column":43}},{"start":{"line":30,"column":46},"end":{"line":30,"column":56}}]},"5":{"loc":{"start":{"line":32,"column":16},"end":{"line":32,"column":56}},"type":"cond-expr","locations":[{"start":{"line":32,"column":31},"end":{"line":32,"column":43}},{"start":{"line":32,"column":46},"end":{"line":32,"column":56}}]},"6":{"loc":{"start":{"line":39,"column":2},"end":{"line":41,"column":3}},"type":"if","locations":[{"start":{"line":39,"column":2},"end":{"line":41,"column":3}},{"start":{},"end":{}}]},"7":{"loc":{"start":{"line":39,"column":6},"end":{"line":39,"column":53}},"type":"binary-expr","locations":[{"start":{"line":39,"column":6},"end":{"line":39,"column":23}},{"start":{"line":39,"column":27},"end":{"line":39,"column":53}}]},"8":{"loc":{"start":{"line":47,"column":2},"end":{"line":49,"column":3}},"type":"if","locations":[{"start":{"line":47,"column":2},"end":{"line":49,"column":3}},{"start":{},"end":{}}]},"9":{"loc":{"start":{"line":47,"column":6},"end":{"line":47,"column":68}},"type":"binary-expr","locations":[{"start":{"line":47,"column":6},"end":{"line":47,"column":33}},{"start":{"line":47,"column":37},"end":{"line":47,"column":68}}]},"10":{"loc":{"start":{"line":54,"column":4},"end":{"line":64,"column":5}},"type":"if","locations":[{"start":{"line":54,"column":4},"end":{"line":64,"column":5}},{"start":{"line":61,"column":11},"end":{"line":64,"column":5}}]},"11":{"loc":{"start":{"line":55,"column":6},"end":{"line":60,"column":7}},"type":"if","locations":[{"start":{"line":55,"column":6},"end":{"line":60,"column":7}},{"start":{"line":58,"column":13},"end":{"line":60,"column":7}}]},"12":{"loc":{"start":{"line":57,"column":22},"end":{"line":57,"column":64}},"type":"cond-expr","locations":[{"start":{"line":57,"column":51},"end":{"line":57,"column":60}},{"start":{"line":57,"column":63},"end":{"line":57,"column":64}}]},"13":{"loc":{"start":{"line":59,"column":22},"end":{"line":59,"column":56}},"type":"binary-expr","locations":[{"start":{"line":59,"column":22},"end":{"line":59,"column":51}},{"start":{"line":59,"column":55},"end":{"line":59,"column":56}}]},"14":{"loc":{"start":{"line":63,"column":20},"end":{"line":63,"column":54}},"type":"cond-expr","locations":[{"start":{"line":63,"column":45},"end":{"line":63,"column":50}},{"start":{"line":63,"column":53},"end":{"line":63,"column":54}}]},"15":{"loc":{"start":{"line":67,"column":22},"end":{"line":67,"column":38}},"type":"binary-expr","locations":[{"start":{"line":67,"column":22},"end":{"line":67,"column":33}},{"start":{"line":67,"column":37},"end":{"line":67,"column":38}}]},"16":{"loc":{"start":{"line":70,"column":4},"end":{"line":74,"column":5}},"type":"if","locations":[{"start":{"line":70,"column":4},"end":{"line":74,"column":5}},{"start":{"line":72,"column":11},"end":{"line":74,"column":5}}]},"17":{"loc":{"start":{"line":89,"column":2},"end":{"line":91,"column":3}},"type":"if","locations":[{"start":{"line":89,"column":2},"end":{"line":91,"column":3}},{"start":{},"end":{}}]},"18":{"loc":{"start":{"line":89,"column":6},"end":{"line":89,"column":96}},"type":"binary-expr","locations":[{"start":{"line":89,"column":6},"end":{"line":89,"column":27}},{"start":{"line":89,"column":31},"end":{"line":89,"column":60}},{"start":{"line":89,"column":64},"end":{"line":89,"column":78}},{"start":{"line":89,"column":82},"end":{"line":89,"column":96}}]},"19":{"loc":{"start":{"line":94,"column":2},"end":{"line":96,"column":3}},"type":"if","locations":[{"start":{"line":94,"column":2},"end":{"line":96,"column":3}},{"start":{},"end":{}}]},"20":{"loc":{"start":{"line":94,"column":6},"end":{"line":94,"column":84}},"type":"binary-expr","locations":[{"start":{"line":94,"column":6},"end":{"line":94,"column":35}},{"start":{"line":94,"column":39},"end":{"line":94,"column":54}},{"start":{"line":94,"column":58},"end":{"line":94,"column":84}}]},"21":{"loc":{"start":{"line":108,"column":2},"end":{"line":110,"column":3}},"type":"if","locations":[{"start":{"line":108,"column":2},"end":{"line":110,"column":3}},{"start":{},"end":{}}]},"22":{"loc":{"start":{"line":112,"column":9},"end":{"line":112,"column":54}},"type":"binary-expr","locations":[{"start":{"line":112,"column":9},"end":{"line":112,"column":49}},{"start":{"line":112,"column":53},"end":{"line":112,"column":54}}]},"23":{"loc":{"start":{"line":122,"column":49},"end":{"line":122,"column":71}},"type":"binary-expr","locations":[{"start":{"line":122,"column":49},"end":{"line":122,"column":64}},{"start":{"line":122,"column":68},"end":{"line":122,"column":71}}]},"24":{"loc":{"start":{"line":125,"column":2},"end":{"line":127,"column":3}},"type":"if","locations":[{"start":{"line":125,"column":2},"end":{"line":127,"column":3}},{"start":{},"end":{}}]},"25":{"loc":{"start":{"line":130,"column":2},"end":{"line":132,"column":3}},"type":"if","locations":[{"start":{"line":130,"column":2},"end":{"line":132,"column":3}},{"start":{},"end":{}}]},"26":{"loc":{"start":{"line":146,"column":2},"end":{"line":148,"column":3}},"type":"if","locations":[{"start":{"line":146,"column":2},"end":{"line":148,"column":3}},{"start":{},"end":{}}]},"27":{"loc":{"start":{"line":162,"column":2},"end":{"line":176,"column":3}},"type":"if","locations":[{"start":{"line":162,"column":2},"end":{"line":176,"column":3}},{"start":{},"end":{}}]},"28":{"loc":{"start":{"line":164,"column":4},"end":{"line":175,"column":5}},"type":"if","locations":[{"start":{"line":164,"column":4},"end":{"line":175,"column":5}},{"start":{},"end":{}}]},"29":{"loc":{"start":{"line":198,"column":4},"end":{"line":200,"column":5}},"type":"if","locations":[{"start":{"line":198,"column":4},"end":{"line":200,"column":5}},{"start":{},"end":{}}]},"30":{"loc":{"start":{"line":198,"column":9},"end":{"line":198,"column":35}},"type":"binary-expr","locations":[{"start":{"line":198,"column":9},"end":{"line":198,"column":30}},{"start":{"line":198,"column":34},"end":{"line":198,"column":35}}]},"31":{"loc":{"start":{"line":203,"column":4},"end":{"line":205,"column":5}},"type":"if","locations":[{"start":{"line":203,"column":4},"end":{"line":205,"column":5}},{"start":{},"end":{}}]},"32":{"loc":{"start":{"line":208,"column":4},"end":{"line":210,"column":5}},"type":"if","locations":[{"start":{"line":208,"column":4},"end":{"line":210,"column":5}},{"start":{},"end":{}}]},"33":{"loc":{"start":{"line":222,"column":12},"end":{"line":222,"column":54}},"type":"cond-expr","locations":[{"start":{"line":222,"column":33},"end":{"line":222,"column":42}},{"start":{"line":222,"column":45},"end":{"line":222,"column":54}}]},"34":{"loc":{"start":{"line":234,"column":2},"end":{"line":234,"column":38}},"type":"default-arg","locations":[{"start":{"line":234,"column":27},"end":{"line":234,"column":38}}]},"35":{"loc":{"start":{"line":236,"column":2},"end":{"line":238,"column":3}},"type":"if","locations":[{"start":{"line":236,"column":2},"end":{"line":238,"column":3}},{"start":{},"end":{}}]}},"s":{"0":109,"1":109,"2":109,"3":545,"4":545,"5":109,"6":20,"7":1,"8":19,"9":19,"10":19,"11":95,"12":95,"13":95,"14":95,"15":95,"16":95,"17":95,"18":19,"19":2,"20":19,"21":64,"22":0,"23":64,"24":64,"25":64,"26":320,"27":320,"28":2,"29":0,"30":0,"31":2,"32":318,"33":318,"34":64,"35":64,"36":64,"37":64,"38":112,"39":62,"40":50,"41":64,"42":18,"43":18,"44":18,"45":18,"46":0,"47":18,"48":18,"49":0,"50":18,"51":18,"52":18,"53":18,"54":18,"55":0,"56":18,"57":60,"58":300,"59":60,"60":60,"61":43,"62":17,"63":17,"64":0,"65":17,"66":17,"67":16,"68":8,"69":8,"70":4,"71":20,"72":4,"73":4,"74":4,"75":4,"76":1,"77":1,"78":1,"79":1,"80":1,"81":4,"82":12,"83":12,"84":12,"85":12,"86":12,"87":84,"88":24,"89":60,"90":60,"91":0,"92":60,"93":60,"94":43,"95":17,"96":17,"97":12,"98":5,"99":5,"100":16,"101":4,"102":12},"f":{"0":109,"1":20,"2":64,"3":18,"4":60,"5":300,"6":16,"7":4,"8":20,"9":12,"10":5,"11":16},"b":{"0":[101],"1":[1,19],"2":[20,20],"3":[95,0],"4":[1,94],"5":[14,81],"6":[2,17],"7":[19,3],"8":[0,64],"9":[64,64],"10":[2,318],"11":[0,2],"12":[0,0],"13":[2,0],"14":[318,0],"15":[64,0],"16":[62,50],"17":[0,18],"18":[18,18,18,18],"19":[0,18],"20":[18,18,18],"21":[0,18],"22":[18,0],"23":[300,0],"24":[43,17],"25":[0,17],"26":[8,8],"27":[1,3],"28":[1,0],"29":[24,60],"30":[84,0],"31":[0,60],"32":[43,17],"33":[1,11],"34":[0],"35":[4,12]}}
,"/home/milner/Desktop/rust/slotm/app/src/game/types.ts": {"path":"/home/milner/Desktop/rust/slotm/app/src/game/types.ts","statementMap":{"0":{"start":{"line":3,"column":26},"end":{"line":3,"column":27}},"1":{"start":{"line":4,"column":28},"end":{"line":4,"column":30}},"2":{"start":{"line":5,"column":25},"end":{"line":5,"column":27}},"3":{"start":{"line":6,"column":29},"end":{"line":6,"column":30}},"4":{"start":{"line":7,"column":37},"end":{"line":7,"column":40}},"5":{"start":{"line":8,"column":37},"end":{"line":8,"column":38}},"6":{"start":{"line":9,"column":28},"end":{"line":9,"column":33}},"7":{"start":{"line":16,"column":51},"end":{"line":16,"column":66}},"8":{"start":{"line":19,"column":2},"end":{"line":19,"column":68}},"9":{"start":{"line":72,"column":45},"end":{"line":80,"column":2}},"10":{"start":{"line":82,"column":52},"end":{"line":82,"column":64}},"11":{"start":{"line":83,"column":27},"end":{"line":83,"column":31}},"12":{"start":{"line":84,"column":54},"end":{"line":86,"column":2}},"13":{"start":{"line":87,"column":35},"end":{"line":93,"column":48}},"14":{"start":{"line":100,"column":2},"end":{"line":102,"column":3}},"15":{"start":{"line":101,"column":4},"end":{"line":101,"column":34}},"16":{"start":{"line":103,"column":2},"end":{"line":103,"column":63}},"17":{"start":{"line":107,"column":20},"end":{"line":107,"column":50}},"18":{"start":{"line":108,"column":2},"end":{"line":110,"column":3}},"19":{"start":{"line":109,"column":4},"end":{"line":109,"column":13}},"20":{"start":{"line":111,"column":2},"end":{"line":111,"column":32}},"21":{"start":{"line":115,"column":2},"end":{"line":117,"column":3}},"22":{"start":{"line":116,"column":4},"end":{"line":116,"column":14}},"23":{"start":{"line":118,"column":2},"end":{"line":120,"column":3}},"24":{"start":{"line":119,"column":4},"end":{"line":119,"column":43}},"25":{"start":{"line":121,"column":2},"end":{"line":123,"column":3}},"26":{"start":{"line":122,"column":4},"end":{"line":122,"column":48}},"27":{"start":{"line":125,"column":14},"end":{"line":125,"column":48}},"28":{"start":{"line":126,"column":17},"end":{"line":126,"column":89}},"29":{"start":{"line":127,"column":2},"end":{"line":130,"column":5}},"30":{"start":{"line":128,"column":18},"end":{"line":128,"column":42}},"31":{"start":{"line":129,"column":4},"end":{"line":129,"column":42}},"32":{"start":{"line":134,"column":21},"end":{"line":134,"column":47}},"33":{"start":{"line":135,"column":28},"end":{"line":135,"column":64}},"34":{"start":{"line":136,"column":25},"end":{"line":136,"column":81}},"35":{"start":{"line":136,"column":66},"end":{"line":136,"column":77}},"36":{"start":{"line":137,"column":27},"end":{"line":137,"column":67}},"37":{"start":{"line":138,"column":16},"end":{"line":138,"column":82}},"38":{"start":{"line":139,"column":26},"end":{"line":139,"column":28}},"39":{"start":{"line":141,"column":2},"end":{"line":150,"column":3}},"40":{"start":{"line":141,"column":24},"end":{"line":141,"column":25}},"41":{"start":{"line":142,"column":29},"end":{"line":142,"column":63}},"42":{"start":{"line":143,"column":29},"end":{"line":143,"column":68}},"43":{"start":{"line":145,"column":4},"end":{"line":149,"column":5}},"44":{"start":{"line":146,"column":26},"end":{"line":146,"column":91}},"45":{"start":{"line":147,"column":25},"end":{"line":147,"column":99}},"46":{"start":{"line":148,"column":6},"end":{"line":148,"column":42}},"47":{"start":{"line":152,"column":2},"end":{"line":152,"column":15}},"48":{"start":{"line":155,"column":48},"end":{"line":155,"column":83}},"49":{"start":{"line":158,"column":22},"end":{"line":158,"column":63}},"50":{"start":{"line":159,"column":2},"end":{"line":161,"column":3}},"51":{"start":{"line":160,"column":4},"end":{"line":160,"column":30}},"52":{"start":{"line":162,"column":2},"end":{"line":162,"column":84}},"53":{"start":{"line":162,"column":38},"end":{"line":162,"column":82}},"54":{"start":{"line":166,"column":2},"end":{"line":166,"column":64}},"55":{"start":{"line":166,"column":45},"end":{"line":166,"column":55}},"56":{"start":{"line":170,"column":2},"end":{"line":172,"column":3}},"57":{"start":{"line":171,"column":4},"end":{"line":171,"column":24}},"58":{"start":{"line":173,"column":2},"end":{"line":173,"column":75}},"59":{"start":{"line":177,"column":2},"end":{"line":179,"column":3}},"60":{"start":{"line":178,"column":4},"end":{"line":178,"column":76}},"61":{"start":{"line":180,"column":2},"end":{"line":180,"column":39}},"62":{"start":{"line":183,"column":27},"end":{"line":189,"column":54}},"63":{"start":{"line":191,"column":29},"end":{"line":194,"column":58}},"64":{"start":{"line":200,"column":2},"end":{"line":200,"column":42}},"65":{"start":{"line":204,"column":2},"end":{"line":204,"column":45}},"66":{"start":{"line":208,"column":2},"end":{"line":215,"column":4}},"67":{"start":{"line":224,"column":4},"end":{"line":226,"column":72}},"68":{"start":{"line":226,"column":45},"end":{"line":226,"column":71}},"69":{"start":{"line":228,"column":2},"end":{"line":240,"column":4}},"70":{"start":{"line":244,"column":2},"end":{"line":244,"column":33}},"71":{"start":{"line":248,"column":2},"end":{"line":248,"column":54}}},"fnMap":{"0":{"name":"isGameModeId","decl":{"start":{"line":18,"column":16},"end":{"line":18,"column":28}},"loc":{"start":{"line":18,"column":42},"end":{"line":20,"column":1}}},"1":{"name":"exactMatchProbability","decl":{"start":{"line":99,"column":9},"end":{"line":99,"column":30}},"loc":{"start":{"line":99,"column":78},"end":{"line":104,"column":1}}},"2":{"name":"symbolsInGroup","decl":{"start":{"line":106,"column":9},"end":{"line":106,"column":23}},"loc":{"start":{"line":106,"column":63},"end":{"line":112,"column":1}}},"3":{"name":"resolveGroupCoefficients","decl":{"start":{"line":114,"column":9},"end":{"line":114,"column":33}},"loc":{"start":{"line":114,"column":52},"end":{"line":131,"column":1}}},"4":{"name":"(anonymous_4)","decl":{"start":{"line":127,"column":44},"end":{"line":127,"column":45}},"loc":{"start":{"line":127,"column":57},"end":{"line":130,"column":3}}},"5":{"name":"buildBaseNumbersKvote","decl":{"start":{"line":133,"column":9},"end":{"line":133,"column":30}},"loc":{"start":{"line":133,"column":50},"end":{"line":153,"column":1}}},"6":{"name":"(anonymous_6)","decl":{"start":{"line":136,"column":50},"end":{"line":136,"column":51}},"loc":{"start":{"line":136,"column":66},"end":{"line":136,"column":77}}},"7":{"name":"kvoteForGameMode","decl":{"start":{"line":157,"column":16},"end":{"line":157,"column":32}},"loc":{"start":{"line":157,"column":53},"end":{"line":163,"column":1}}},"8":{"name":"(anonymous_8)","decl":{"start":{"line":162,"column":27},"end":{"line":162,"column":28}},"loc":{"start":{"line":162,"column":38},"end":{"line":162,"column":82}}},"9":{"name":"activeLineCount","decl":{"start":{"line":165,"column":16},"end":{"line":165,"column":31}},"loc":{"start":{"line":165,"column":52},"end":{"line":167,"column":1}}},"10":{"name":"(anonymous_10)","decl":{"start":{"line":166,"column":35},"end":{"line":166,"column":36}},"loc":{"start":{"line":166,"column":45},"end":{"line":166,"column":55}}},"11":{"name":"totalBet","decl":{"start":{"line":169,"column":16},"end":{"line":169,"column":24}},"loc":{"start":{"line":169,"column":45},"end":{"line":174,"column":1}}},"12":{"name":"validateJoker","decl":{"start":{"line":176,"column":16},"end":{"line":176,"column":29}},"loc":{"start":{"line":176,"column":50},"end":{"line":181,"column":1}}},"13":{"name":"gameModeName","decl":{"start":{"line":199,"column":16},"end":{"line":199,"column":28}},"loc":{"start":{"line":199,"column":49},"end":{"line":201,"column":1}}},"14":{"name":"rewardModeName","decl":{"start":{"line":203,"column":16},"end":{"line":203,"column":30}},"loc":{"start":{"line":203,"column":51},"end":{"line":205,"column":1}}},"15":{"name":"winLineToPhpArray","decl":{"start":{"line":207,"column":16},"end":{"line":207,"column":33}},"loc":{"start":{"line":207,"column":50},"end":{"line":216,"column":1}}},"16":{"name":"toPhpResponse","decl":{"start":{"line":218,"column":16},"end":{"line":218,"column":29}},"loc":{"start":{"line":221,"column":20},"end":{"line":241,"column":1}}},"17":{"name":"(anonymous_17)","decl":{"start":{"line":226,"column":32},"end":{"line":226,"column":33}},"loc":{"start":{"line":226,"column":45},"end":{"line":226,"column":71}}},"18":{"name":"success","decl":{"start":{"line":243,"column":16},"end":{"line":243,"column":23}},"loc":{"start":{"line":243,"column":34},"end":{"line":245,"column":1}}},"19":{"name":"error","decl":{"start":{"line":247,"column":16},"end":{"line":247,"column":21}},"loc":{"start":{"line":247,"column":38},"end":{"line":249,"column":1}}}},"branchMap":{"0":{"loc":{"start":{"line":100,"column":2},"end":{"line":102,"column":3}},"type":"if","locations":[{"start":{"line":100,"column":2},"end":{"line":102,"column":3}},{"start":{},"end":{}}]},"1":{"loc":{"start":{"line":108,"column":2},"end":{"line":110,"column":3}},"type":"if","locations":[{"start":{"line":108,"column":2},"end":{"line":110,"column":3}},{"start":{},"end":{}}]},"2":{"loc":{"start":{"line":111,"column":9},"end":{"line":111,"column":31}},"type":"cond-expr","locations":[{"start":{"line":111,"column":26},"end":{"line":111,"column":27}},{"start":{"line":111,"column":30},"end":{"line":111,"column":31}}]},"3":{"loc":{"start":{"line":115,"column":2},"end":{"line":117,"column":3}},"type":"if","locations":[{"start":{"line":115,"column":2},"end":{"line":117,"column":3}},{"start":{},"end":{}}]},"4":{"loc":{"start":{"line":118,"column":2},"end":{"line":120,"column":3}},"type":"if","locations":[{"start":{"line":118,"column":2},"end":{"line":120,"column":3}},{"start":{},"end":{}}]},"5":{"loc":{"start":{"line":121,"column":2},"end":{"line":123,"column":3}},"type":"if","locations":[{"start":{"line":121,"column":2},"end":{"line":123,"column":3}},{"start":{},"end":{}}]},"6":{"loc":{"start":{"line":122,"column":12},"end":{"line":122,"column":46}},"type":"binary-expr","locations":[{"start":{"line":122,"column":12},"end":{"line":122,"column":41}},{"start":{"line":122,"column":45},"end":{"line":122,"column":46}}]},"7":{"loc":{"start":{"line":125,"column":14},"end":{"line":125,"column":48}},"type":"binary-expr","locations":[{"start":{"line":125,"column":14},"end":{"line":125,"column":43}},{"start":{"line":125,"column":47},"end":{"line":125,"column":48}}]},"8":{"loc":{"start":{"line":126,"column":17},"end":{"line":126,"column":89}},"type":"binary-expr","locations":[{"start":{"line":126,"column":17},"end":{"line":126,"column":82}},{"start":{"line":126,"column":86},"end":{"line":126,"column":89}}]},"9":{"loc":{"start":{"line":138,"column":16},"end":{"line":138,"column":82}},"type":"cond-expr","locations":[{"start":{"line":138,"column":40},"end":{"line":138,"column":77}},{"start":{"line":138,"column":81},"end":{"line":138,"column":82}}]},"10":{"loc":{"start":{"line":142,"column":29},"end":{"line":142,"column":63}},"type":"binary-expr","locations":[{"start":{"line":142,"column":29},"end":{"line":142,"column":58}},{"start":{"line":142,"column":62},"end":{"line":142,"column":63}}]},"11":{"loc":{"start":{"line":147,"column":25},"end":{"line":147,"column":99}},"type":"cond-expr","locations":[{"start":{"line":147,"column":43},"end":{"line":147,"column":95}},{"start":{"line":147,"column":98},"end":{"line":147,"column":99}}]},"12":{"loc":{"start":{"line":158,"column":22},"end":{"line":158,"column":63}},"type":"binary-expr","locations":[{"start":{"line":158,"column":22},"end":{"line":158,"column":58}},{"start":{"line":158,"column":62},"end":{"line":158,"column":63}}]},"13":{"loc":{"start":{"line":159,"column":2},"end":{"line":161,"column":3}},"type":"if","locations":[{"start":{"line":159,"column":2},"end":{"line":161,"column":3}},{"start":{},"end":{}}]},"14":{"loc":{"start":{"line":170,"column":2},"end":{"line":172,"column":3}},"type":"if","locations":[{"start":{"line":170,"column":2},"end":{"line":172,"column":3}},{"start":{},"end":{}}]},"15":{"loc":{"start":{"line":177,"column":2},"end":{"line":179,"column":3}},"type":"if","locations":[{"start":{"line":177,"column":2},"end":{"line":179,"column":3}},{"start":{},"end":{}}]},"16":{"loc":{"start":{"line":224,"column":4},"end":{"line":226,"column":72}},"type":"cond-expr","locations":[{"start":{"line":225,"column":8},"end":{"line":225,"column":24}},{"start":{"line":226,"column":8},"end":{"line":226,"column":72}}]},"17":{"loc":{"start":{"line":229,"column":4},"end":{"line":229,"column":24}},"type":"binary-expr","locations":[{"start":{"line":229,"column":4},"end":{"line":229,"column":19}},{"start":{"line":229,"column":23},"end":{"line":229,"column":24}}]},"18":{"loc":{"start":{"line":230,"column":4},"end":{"line":230,"column":24}},"type":"binary-expr","locations":[{"start":{"line":230,"column":4},"end":{"line":230,"column":19}},{"start":{"line":230,"column":23},"end":{"line":230,"column":24}}]},"19":{"loc":{"start":{"line":231,"column":4},"end":{"line":231,"column":24}},"type":"binary-expr","locations":[{"start":{"line":231,"column":4},"end":{"line":231,"column":19}},{"start":{"line":231,"column":23},"end":{"line":231,"column":24}}]},"20":{"loc":{"start":{"line":232,"column":4},"end":{"line":232,"column":24}},"type":"binary-expr","locations":[{"start":{"line":232,"column":4},"end":{"line":232,"column":19}},{"start":{"line":232,"column":23},"end":{"line":232,"column":24}}]},"21":{"loc":{"start":{"line":233,"column":4},"end":{"line":233,"column":24}},"type":"binary-expr","locations":[{"start":{"line":233,"column":4},"end":{"line":233,"column":19}},{"start":{"line":233,"column":23},"end":{"line":233,"column":24}}]},"22":{"loc":{"start":{"line":238,"column":4},"end":{"line":238,"column":36}},"type":"cond-expr","locations":[{"start":{"line":238,"column":31},"end":{"line":238,"column":32}},{"start":{"line":238,"column":35},"end":{"line":238,"column":36}}]}},"s":{"0":6,"1":6,"2":6,"3":6,"4":6,"5":6,"6":6,"7":6,"8":16,"9":6,"10":6,"11":6,"12":6,"13":6,"14":264,"15":66,"16":198,"17":66,"18":66,"19":0,"20":66,"21":6,"22":0,"23":6,"24":6,"25":0,"26":0,"27":0,"28":0,"29":0,"30":0,"31":0,"32":6,"33":6,"34":6,"35":66,"36":6,"37":6,"38":6,"39":6,"40":6,"41":66,"42":66,"43":66,"44":264,"45":264,"46":264,"47":6,"48":6,"49":49,"50":49,"51":44,"52":5,"53":220,"54":11,"55":77,"56":11,"57":4,"58":7,"59":11,"60":3,"61":8,"62":6,"63":6,"64":10,"65":7,"66":1,"67":7,"68":1,"69":7,"70":18,"71":12},"f":{"0":16,"1":264,"2":66,"3":6,"4":0,"5":6,"6":66,"7":49,"8":220,"9":11,"10":77,"11":11,"12":11,"13":10,"14":7,"15":1,"16":7,"17":1,"18":18,"19":12},"b":{"0":[66,198],"1":[0,66],"2":[66,0],"3":[0,6],"4":[6,0],"5":[0,0],"6":[0,0],"7":[0,0],"8":[0,0],"9":[6,0],"10":[66,0],"11":[264,0],"12":[49,0],"13":[44,5],"14":[4,7],"15":[3,8],"16":[6,1],"17":[7,0],"18":[7,0],"19":[7,0],"20":[7,0],"21":[7,0],"22":[1,6]}}
,"/home/milner/Desktop/rust/slotm/app/src/game/engines/AbstractGameEngine.ts": {"path":"/home/milner/Desktop/rust/slotm/app/src/game/engines/AbstractGameEngine.ts","statementMap":{"0":{"start":{"line":13,"column":23},"end":{"line":13,"column":53}},"1":{"start":{"line":14,"column":23},"end":{"line":14,"column":48}},"2":{"start":{"line":23,"column":21},"end":{"line":23,"column":53}},"3":{"start":{"line":24,"column":21},"end":{"line":24,"column":87}},"4":{"start":{"line":25,"column":4},"end":{"line":27,"column":5}},"5":{"start":{"line":26,"column":6},"end":{"line":26,"column":60}},"6":{"start":{"line":28,"column":4},"end":{"line":28,"column":24}},"7":{"start":{"line":37,"column":21},"end":{"line":37,"column":53}},"8":{"start":{"line":38,"column":30},"end":{"line":38,"column":71}},"9":{"start":{"line":39,"column":4},"end":{"line":47,"column":7}},"10":{"start":{"line":56,"column":21},"end":{"line":56,"column":53}},"11":{"start":{"line":57,"column":30},"end":{"line":57,"column":71}},"12":{"start":{"line":58,"column":4},"end":{"line":66,"column":7}},"13":{"start":{"line":75,"column":24},"end":{"line":75,"column":59}},"14":{"start":{"line":76,"column":30},"end":{"line":76,"column":84}},"15":{"start":{"line":77,"column":4},"end":{"line":85,"column":7}},"16":{"start":{"line":94,"column":24},"end":{"line":94,"column":59}},"17":{"start":{"line":95,"column":30},"end":{"line":95,"column":84}},"18":{"start":{"line":96,"column":4},"end":{"line":104,"column":7}}},"fnMap":{"0":{"name":"(anonymous_0)","decl":{"start":{"line":12,"column":2},"end":{"line":12,"column":null}},"loc":{"start":{"line":14,"column":48},"end":{"line":15,"column":6}}},"1":{"name":"(anonymous_1)","decl":{"start":{"line":19,"column":12},"end":{"line":19,"column":17}},"loc":{"start":{"line":21,"column":20},"end":{"line":29,"column":3}}},"2":{"name":"(anonymous_2)","decl":{"start":{"line":31,"column":12},"end":{"line":31,"column":17}},"loc":{"start":{"line":35,"column":23},"end":{"line":48,"column":3}}},"3":{"name":"(anonymous_3)","decl":{"start":{"line":50,"column":12},"end":{"line":50,"column":17}},"loc":{"start":{"line":54,"column":23},"end":{"line":67,"column":3}}},"4":{"name":"(anonymous_4)","decl":{"start":{"line":69,"column":12},"end":{"line":69,"column":17}},"loc":{"start":{"line":73,"column":23},"end":{"line":86,"column":3}}},"5":{"name":"(anonymous_5)","decl":{"start":{"line":88,"column":12},"end":{"line":88,"column":17}},"loc":{"start":{"line":92,"column":23},"end":{"line":105,"column":3}}}},"branchMap":{"0":{"loc":{"start":{"line":25,"column":4},"end":{"line":27,"column":5}},"type":"if","locations":[{"start":{"line":25,"column":4},"end":{"line":27,"column":5}},{"start":{},"end":{}}]}},"s":{"0":18,"1":18,"2":15,"3":15,"4":15,"5":3,"6":12,"7":5,"8":5,"9":5,"10":7,"11":7,"12":7,"13":0,"14":0,"15":0,"16":3,"17":3,"18":3},"f":{"0":18,"1":15,"2":5,"3":7,"4":0,"5":3},"b":{"0":[3,12]}}
,"/home/milner/Desktop/rust/slotm/app/src/game/engines/GameEngineRegistry.ts": {"path":"/home/milner/Desktop/rust/slotm/app/src/game/engines/GameEngineRegistry.ts","statementMap":{"0":{"start":{"line":5,"column":29},"end":{"line":5,"column":66}},"1":{"start":{"line":6,"column":89},"end":{"line":6,"column":93}},"2":{"start":{"line":9,"column":4},"end":{"line":9,"column":37}},"3":{"start":{"line":15,"column":4},"end":{"line":15,"column":37}},"4":{"start":{"line":19,"column":19},"end":{"line":19,"column":43}},"5":{"start":{"line":20,"column":4},"end":{"line":22,"column":5}},"6":{"start":{"line":21,"column":6},"end":{"line":21,"column":20}},"7":{"start":{"line":24,"column":4},"end":{"line":26,"column":5}},"8":{"start":{"line":25,"column":6},"end":{"line":25,"column":54}},"9":{"start":{"line":28,"column":4},"end":{"line":28,"column":16}}},"fnMap":{"0":{"name":"(anonymous_0)","decl":{"start":{"line":8,"column":2},"end":{"line":8,"column":10}},"loc":{"start":{"line":8,"column":53},"end":{"line":10,"column":3}}},"1":{"name":"(anonymous_1)","decl":{"start":{"line":12,"column":2},"end":{"line":12,"column":26}},"loc":{"start":{"line":13,"column":63},"end":{"line":16,"column":3}}},"2":{"name":"(anonymous_2)","decl":{"start":{"line":18,"column":2},"end":{"line":18,"column":9}},"loc":{"start":{"line":18,"column":43},"end":{"line":29,"column":3}}}},"branchMap":{"0":{"loc":{"start":{"line":20,"column":4},"end":{"line":22,"column":5}},"type":"if","locations":[{"start":{"line":20,"column":4},"end":{"line":22,"column":5}},{"start":{},"end":{}}]},"1":{"loc":{"start":{"line":24,"column":4},"end":{"line":26,"column":5}},"type":"if","locations":[{"start":{"line":24,"column":4},"end":{"line":26,"column":5}},{"start":{},"end":{}}]},"2":{"loc":{"start":{"line":24,"column":8},"end":{"line":24,"column":59}},"type":"binary-expr","locations":[{"start":{"line":24,"column":8},"end":{"line":24,"column":34}},{"start":{"line":24,"column":38},"end":{"line":24,"column":59}}]}},"s":{"0":15,"1":15,"2":4,"3":3,"4":11,"5":11,"6":3,"7":8,"8":2,"9":6},"f":{"0":4,"1":3,"2":11},"b":{"0":[3,8],"1":[2,6],"2":[8,3]}}
,"/home/milner/Desktop/rust/slotm/app/src/game/engines/LegacyMiniGameEngine.ts": {"path":"/home/milner/Desktop/rust/slotm/app/src/game/engines/LegacyMiniGameEngine.ts","statementMap":{"0":{"start":{"line":21,"column":18},"end":{"line":21,"column":61}},"1":{"start":{"line":22,"column":15},"end":{"line":27,"column":8}},"2":{"start":{"line":23,"column":34},"end":{"line":26,"column":8}},"3":{"start":{"line":29,"column":2},"end":{"line":29,"column":41}},"4":{"start":{"line":34,"column":22},"end":{"line":34,"column":63}},"5":{"start":{"line":35,"column":20},"end":{"line":35,"column":67}},"6":{"start":{"line":38,"column":4},"end":{"line":45,"column":5}},"7":{"start":{"line":39,"column":6},"end":{"line":39,"column":40}},"8":{"start":{"line":41,"column":6},"end":{"line":44,"column":8}},"9":{"start":{"line":47,"column":4},"end":{"line":59,"column":5}},"10":{"start":{"line":48,"column":27},"end":{"line":48,"column":72}},"11":{"start":{"line":49,"column":6},"end":{"line":51,"column":7}},"12":{"start":{"line":50,"column":8},"end":{"line":50,"column":70}},"13":{"start":{"line":53,"column":6},"end":{"line":58,"column":8}},"14":{"start":{"line":61,"column":4},"end":{"line":68,"column":5}},"15":{"start":{"line":62,"column":6},"end":{"line":67,"column":8}},"16":{"start":{"line":70,"column":23},"end":{"line":70,"column":64}},"17":{"start":{"line":71,"column":22},"end":{"line":71,"column":72}},"18":{"start":{"line":72,"column":4},"end":{"line":79,"column":7}},"19":{"start":{"line":81,"column":4},"end":{"line":93,"column":6}}},"fnMap":{"0":{"name":"normalizeOldMiniGameRequest","decl":{"start":{"line":17,"column":9},"end":{"line":17,"column":36}},"loc":{"start":{"line":19,"column":19},"end":{"line":30,"column":1}}},"1":{"name":"(anonymous_1)","decl":{"start":{"line":23,"column":23},"end":{"line":23,"column":24}},"loc":{"start":{"line":23,"column":34},"end":{"line":26,"column":8}}},"2":{"name":"(anonymous_2)","decl":{"start":{"line":33,"column":2},"end":{"line":33,"column":7}},"loc":{"start":{"line":33,"column":48},"end":{"line":94,"column":3}}}},"branchMap":{"0":{"loc":{"start":{"line":22,"column":15},"end":{"line":27,"column":8}},"type":"cond-expr","locations":[{"start":{"line":23,"column":6},"end":{"line":26,"column":9}},{"start":{"line":27,"column":6},"end":{"line":27,"column":8}}]},"1":{"loc":{"start":{"line":47,"column":4},"end":{"line":59,"column":5}},"type":"if","locations":[{"start":{"line":47,"column":4},"end":{"line":59,"column":5}},{"start":{},"end":{}}]},"2":{"loc":{"start":{"line":49,"column":6},"end":{"line":51,"column":7}},"type":"if","locations":[{"start":{"line":49,"column":6},"end":{"line":51,"column":7}},{"start":{},"end":{}}]},"3":{"loc":{"start":{"line":61,"column":4},"end":{"line":68,"column":5}},"type":"if","locations":[{"start":{"line":61,"column":4},"end":{"line":68,"column":5}},{"start":{},"end":{}}]}},"s":{"0":6,"1":6,"2":6,"3":6,"4":6,"5":6,"6":6,"7":6,"8":1,"9":5,"10":5,"11":5,"12":1,"13":4,"14":4,"15":1,"16":4,"17":4,"18":4,"19":4},"f":{"0":6,"1":6,"2":6},"b":{"0":[6,0],"1":[5,0],"2":[1,4],"3":[1,3]}}
[...]
"line":143,"column":7}},"loc":{"start":{"line":143,"column":32},"end":{"line":154,"column":3}}},"12":{"name":"(anonymous_12)","decl":{"start":{"line":156,"column":2},"end":{"line":156,"column":7}},"loc":{"start":{"line":158,"column":30},"end":{"line":192,"column":3}}},"13":{"name":"(anonymous_13)","decl":{"start":{"line":194,"column":2},"end":{"line":194,"column":7}},"loc":{"start":{"line":196,"column":26},"end":{"line":211,"column":3}}},"14":{"name":"(anonymous_14)","decl":{"start":{"line":213,"column":10},"end":{"line":213,"column":15}},"loc":{"start":{"line":215,"column":42},"end":{"line":262,"column":3}}},"15":{"name":"(anonymous_15)","decl":{"start":{"line":264,"column":10},"end":{"line":264,"column":15}},"loc":{"start":{"line":266,"column":42},"end":{"line":285,"column":3}}},"16":{"name":"(anonymous_16)","decl":{"start":{"line":287,"column":10},"end":{"line":287,"column":15}},"loc":{"start":{"line":290,"column":26},"end":{"line":331,"column":3}}},"17":{"name":"(anonymous_17)","decl":{"start":{"line":333,"column":10},"end":{"line":333,"column":15}},"loc":{"start":{"line":335,"column":34},"end":{"line":355,"column":3}}},"18":{"name":"(anonymous_18)","decl":{"start":{"line":359,"column":2},"end":{"line":359,"column":14}},"loc":{"start":{"line":359,"column":29},"end":{"line":362,"column":3}}}},"branchMap":{"0":{"loc":{"start":{"line":21,"column":2},"end":{"line":23,"column":3}},"type":"if","locations":[{"start":{"line":21,"column":2},"end":{"line":23,"column":3}},{"start":{},"end":{}}]},"1":{"loc":{"start":{"line":24,"column":2},"end":{"line":26,"column":3}},"type":"if","locations":[{"start":{"line":24,"column":2},"end":{"line":26,"column":3}},{"start":{},"end":{}}]},"2":{"loc":{"start":{"line":27,"column":9},"end":{"line":27,"column":45}},"type":"binary-expr","locations":[{"start":{"line":27,"column":9},"end":{"line":27,"column":37}},{"start":{"line":27,"column":41},"end":{"line":27,"column":45}}]},"3":{"loc":{"start":{"line":59,"column":4},"end":{"line":61,"column":5}},"type":"if","locations":[{"start":{"line":59,"column":4},"end":{"line":61,"column":5}},{"start":{},"end":{}}]},"4":{"loc":{"start":{"line":63,"column":4},"end":{"line":65,"column":5}},"type":"if","locations":[{"start":{"line":63,"column":4},"end":{"line":65,"column":5}},{"start":{},"end":{}}]},"5":{"loc":{"start":{"line":70,"column":4},"end":{"line":72,"column":5}},"type":"if","locations":[{"start":{"line":70,"column":4},"end":{"line":72,"column":5}},{"start":{},"end":{}}]},"6":{"loc":{"start":{"line":83,"column":4},"end":{"line":85,"column":5}},"type":"if","locations":[{"start":{"line":83,"column":4},"end":{"line":85,"column":5}},{"start":{},"end":{}}]},"7":{"loc":{"start":{"line":104,"column":4},"end":{"line":106,"column":5}},"type":"if","locations":[{"start":{"line":104,"column":4},"end":{"line":106,"column":5}},{"start":{},"end":{}}]},"8":{"loc":{"start":{"line":119,"column":4},"end":{"line":121,"column":5}},"type":"if","locations":[{"start":{"line":119,"column":4},"end":{"line":121,"column":5}},{"start":{},"end":{}}]},"9":{"loc":{"start":{"line":124,"column":4},"end":{"line":126,"column":5}},"type":"if","locations":[{"start":{"line":124,"column":4},"end":{"line":126,"column":5}},{"start":{},"end":{}}]},"10":{"loc":{"start":{"line":129,"column":18},"end":{"line":129,"column":80}},"type":"cond-expr","locations":[{"start":{"line":129,"column":56},"end":{"line":129,"column":75}},{"start":{"line":129,"column":78},"end":{"line":129,"column":80}}]},"11":{"loc":{"start":{"line":130,"column":47},"end":{"line":130,"column":59}},"type":"binary-expr","locations":[{"start":{"line":130,"column":47},"end":{"line":130,"column":53}},{"start":{"line":130,"column":57},"end":{"line":130,"column":59}}]},"12":{"loc":{"start":{"line":131,"column":4},"end":{"line":133,"column":5}},"type":"if","locations":[{"start":{"line":131,"column":4},"end":{"line":133,"column":5}},{"start":{},"end":{}}]},"13":{"loc":{"start":{"line":135,"column":4},"end":{"line":138,"column":5}},"type":"if","locations":[{"start":{"line":135,"column":4},"end":{"line":138,"column":5}},{"start":{},"end":{}}]},"14":{"loc":{"start":{"line":135,"column":8},"end":{"line":135,"column":86}},"type":"binary-expr","locations":[{"start":{"line":135,"column":8},"end":{"line":135,"column":35}},{"start":{"line":135,"column":39},"end":{"line":135,"column":86}}]},"15":{"loc":{"start":{"line":144,"column":4},"end":{"line":146,"column":5}},"type":"if","locations":[{"start":{"line":144,"column":4},"end":{"line":146,"column":5}},{"start":{},"end":{}}]},"16":{"loc":{"start":{"line":144,"column":8},"end":{"line":144,"column":62}},"type":"binary-expr","locations":[{"start":{"line":144,"column":8},"end":{"line":144,"column":36}},{"start":{"line":144,"column":40},"end":{"line":144,"column":62}}]},"17":{"loc":{"start":{"line":150,"column":13},"end":{"line":150,"column":75}},"type":"cond-expr","locations":[{"start":{"line":150,"column":51},"end":{"line":150,"column":70}},{"start":{"line":150,"column":73},"end":{"line":150,"column":75}}]},"18":{"loc":{"start":{"line":160,"column":22},"end":{"line":160,"column":44}},"type":"binary-expr","locations":[{"start":{"line":160,"column":22},"end":{"line":160,"column":38}},{"start":{"line":160,"column":42},"end":{"line":160,"column":44}}]},"19":{"loc":{"start":{"line":161,"column":18},"end":{"line":161,"column":35}},"type":"binary-expr","locations":[{"start":{"line":161,"column":18},"end":{"line":161,"column":29}},{"start":{"line":161,"column":33},"end":{"line":161,"column":35}}]},"20":{"loc":{"start":{"line":162,"column":18},"end":{"line":162,"column":35}},"type":"binary-expr","locations":[{"start":{"line":162,"column":18},"end":{"line":162,"column":29}},{"start":{"line":162,"column":33},"end":{"line":162,"column":35}}]},"21":{"loc":{"start":{"line":164,"column":4},"end":{"line":166,"column":5}},"type":"if","locations":[{"start":{"line":164,"column":4},"end":{"line":166,"column":5}},{"start":{},"end":{}}]},"22":{"loc":{"start":{"line":164,"column":8},"end":{"line":164,"column":66}},"type":"binary-expr","locations":[{"start":{"line":164,"column":8},"end":{"line":164,"column":18}},{"start":{"line":164,"column":23},"end":{"line":164,"column":42}},{"start":{"line":164,"column":46},"end":{"line":164,"column":65}}]},"23":{"loc":{"start":{"line":168,"column":4},"end":{"line":170,"column":5}},"type":"if","locations":[{"start":{"line":168,"column":4},"end":{"line":170,"column":5}},{"start":{},"end":{}}]},"24":{"loc":{"start":{"line":174,"column":34},"end":{"line":174,"column":74}},"type":"binary-expr","locations":[{"start":{"line":174,"column":34},"end":{"line":174,"column":68}},{"start":{"line":174,"column":72},"end":{"line":174,"column":74}}]},"25":{"loc":{"start":{"line":175,"column":6},"end":{"line":177,"column":7}},"type":"if","locations":[{"start":{"line":175,"column":6},"end":{"line":177,"column":7}},{"start":{},"end":{}}]},"26":{"loc":{"start":{"line":175,"column":10},"end":{"line":175,"column":58}},"type":"binary-expr","locations":[{"start":{"line":175,"column":10},"end":{"line":175,"column":22}},{"start":{"line":175,"column":26},"end":{"line":175,"column":58}}]},"27":{"loc":{"start":{"line":179,"column":6},"end":{"line":181,"column":7}},"type":"if","locations":[{"start":{"line":179,"column":6},"end":{"line":181,"column":7}},{"start":{},"end":{}}]},"28":{"loc":{"start":{"line":179,"column":10},"end":{"line":179,"column":67}},"type":"binary-expr","locations":[{"start":{"line":179,"column":10},"end":{"line":179,"column":44}},{"start":{"line":179,"column":48},"end":{"line":179,"column":67}}]},"29":{"loc":{"start":{"line":183,"column":6},"end":{"line":185,"column":7}},"type":"if","locations":[{"start":{"line":183,"column":6},"end":{"line":185,"column":7}},{"start":{},"end":{}}]},"30":{"loc":{"start":{"line":183,"column":10},"end":{"line":183,"column":65}},"type":"binary-expr","locations":[{"start":{"line":183,"column":10},"end":{"line":183,"column":42}},{"start":{"line":183,"column":46},"end":{"line":183,"column":65}}]},"31":{"loc":{"start":{"line":187,"column":18},"end":{"line":187,"column":74}},"type":"cond-expr","locations":[{"start":{"line":187,"column":43},"end":{"line":187,"column":56}},{"start":{"line":187,"column":59},"end":{"line":187,"column":74}}]},"32":{"loc":{"start":{"line":198,"column":42},"end":{"line":198,"column":75}},"type":"binary-expr","locations":[{"start":{"line":198,"column":42},"end":{"line":198,"column":68}},{"start":{"line":198,"column":72},"end":{"line":198,"column":75}}]},"33":{"loc":{"start":{"line":200,"column":4},"end":{"line":202,"column":5}},"type":"if","locations":[{"start":{"line":200,"column":4},"end":{"line":202,"column":5}},{"start":{},"end":{}}]},"34":{"loc":{"start":{"line":204,"column":4},"end":{"line":206,"column":5}},"type":"if","locations":[{"start":{"line":204,"column":4},"end":{"line":206,"column":5}},{"start":{},"end":{}}]},"35":{"loc":{"start":{"line":208,"column":4},"end":{"line":210,"column":5}},"type":"if","locations":[{"start":{"line":208,"column":4},"end":{"line":210,"column":5}},{"start":{},"end":{}}]},"36":{"loc":{"start":{"line":217,"column":4},"end":{"line":219,"column":5}},"type":"if","locations":[{"start":{"line":217,"column":4},"end":{"line":219,"column":5}},{"start":{},"end":{}}]},"37":{"loc":{"start":{"line":221,"column":4},"end":{"line":223,"column":5}},"type":"if","locations":[{"start":{"line":221,"column":4},"end":{"line":223,"column":5}},{"start":{},"end":{}}]},"38":{"loc":{"start":{"line":227,"column":8},"end":{"line":228,"column":69}},"type":"binary-expr","locations":[{"start":{"line":227,"column":8},"end":{"line":227,"column":47}},{"start":{"line":228,"column":10},"end":{"line":228,"column":69}}]},"39":{"loc":{"start":{"line":228,"column":28},"end":{"line":228,"column":61}},"type":"binary-expr","locations":[{"start":{"line":228,"column":28},"end":{"line":228,"column":56}},{"start":{"line":228,"column":60},"end":{"line":228,"column":61}}]},"40":{"loc":{"start":{"line":232,"column":4},"end":{"line":234,"column":5}},"type":"if","locations":[{"start":{"line":232,"column":4},"end":{"line":234,"column":5}},{"start":{},"end":{}}]},"41":{"loc":{"start":{"line":232,"column":8},"end":{"line":232,"column":57}},"type":"binary-expr","locations":[{"start":{"line":232,"column":8},"end":{"line":232,"column":37}},{"start":{"line":232,"column":41},"end":{"line":232,"column":57}}]},"42":{"loc":{"start":{"line":248,"column":22},"end":{"line":248,"column":58}},"type":"binary-expr","locations":[{"start":{"line":248,"column":22},"end":{"line":248,"column":50}},{"start":{"line":248,"column":54},"end":{"line":248,"column":58}}]},"43":{"loc":{"start":{"line":253,"column":4},"end":{"line":259,"column":5}},"type":"if","locations":[{"start":{"line":253,"column":4},"end":{"line":259,"column":5}},{"start":{},"end":{}}]},"44":{"loc":{"start":{"line":255,"column":6},"end":{"line":257,"column":7}},"type":"if","locations":[{"start":{"line":255,"column":6},"end":{"line":257,"column":7}},{"start":{},"end":{}}]},"45":{"loc":{"start":{"line":269,"column":4},"end":{"line":271,"column":5}},"type":"if","locations":[{"start":{"line":269,"column":4},"end":{"line":271,"column":5}},{"start":{},"end":{}}]},"46":{"loc":{"start":{"line":275,"column":4},"end":{"line":277,"column":5}},"type":"if","locations":[{"start":{"line":275,"column":4},"end":{"line":277,"column":5}},{"start":{},"end":{}}]},"47":{"loc":{"start":{"line":280,"column":4},"end":{"line":282,"column":5}},"type":"if","locations":[{"start":{"line":280,"column":4},"end":{"line":282,"column":5}},{"start":{},"end":{}}]},"48":{"loc":{"start":{"line":293,"column":4},"end":{"line":299,"column":5}},"type":"if","locations":[{"start":{"line":293,"column":4},"end":{"line":299,"column":5}},{"start":{},"end":{}}]},"49":{"loc":{"start":{"line":294,"column":6},"end":{"line":296,"column":74}},"type":"binary-expr","locations":[{"start":{"line":294,"column":6},"end":{"line":294,"column":16}},{"start":{"line":295,"column":6},"end":{"line":295,"column":39}},{"start":{"line":296,"column":7},"end":{"line":296,"column":73}}]},"50":{"loc":{"start":{"line":303,"column":8},"end":{"line":304,"column":61}},"type":"binary-expr","locations":[{"start":{"line":303,"column":8},"end":{"line":303,"column":39}},{"start":{"line":304,"column":10},"end":{"line":304,"column":61}}]},"51":{"loc":{"start":{"line":304,"column":28},"end":{"line":304,"column":53}},"type":"binary-expr","locations":[{"start":{"line":304,"column":28},"end":{"line":304,"column":48}},{"start":{"line":304,"column":52},"end":{"line":304,"column":53}}]},"52":{"loc":{"start":{"line":309,"column":4},"end":{"line":326,"column":5}},"type":"if","locations":[{"start":{"line":309,"column":4},"end":{"line":326,"column":5}},{"start":{},"end":{}}]},"53":{"loc":{"start":{"line":309,"column":8},"end":{"line":309,"column":55}},"type":"binary-expr","locations":[{"start":{"line":309,"column":8},"end":{"line":309,"column":36}},{"start":{"line":309,"column":40},"end":{"line":309,"column":55}}]},"54":{"loc":{"start":{"line":323,"column":24},"end":{"line":323,"column":52}},"type":"binary-expr","locations":[{"start":{"line":323,"column":24},"end":{"line":323,"column":44}},{"start":{"line":323,"column":48},"end":{"line":323,"column":52}}]},"55":{"loc":{"start":{"line":328,"column":4},"end":{"line":330,"column":5}},"type":"if","locations":[{"start":{"line":328,"column":4},"end":{"line":330,"column":5}},{"start":{},"end":{}}]},"56":{"loc":{"start":{"line":328,"column":8},"end":{"line":328,"column":50}},"type":"binary-expr","locations":[{"start":{"line":328,"column":8},"end":{"line":328,"column":24}},{"start":{"line":328,"column":28},"end":{"line":328,"column":50}}]},"57":{"loc":{"start":{"line":338,"column":4},"end":{"line":340,"column":5}},"type":"if","locations":[{"start":{"line":338,"column":4},"end":{"line":340,"column":5}},{"start":{},"end":{}}]},"58":{"loc":{"start":{"line":338,"column":8},"end":{"line":338,"column":54}},"type":"binary-expr","locations":[{"start":{"line":338,"column":8},"end":{"line":338,"column":22}},{"start":{"line":338,"column":26},"end":{"line":338,"column":54}}]},"59":{"loc":{"start":{"line":344,"column":30},"end":{"line":344,"column":65}},"type":"binary-expr","locations":[{"start":{"line":344,"column":30},"end":{"line":344,"column":57}},{"start":{"line":344,"column":61},"end":{"line":344,"column":65}}]},"60":{"loc":{"start":{"line":345,"column":6},"end":{"line":351,"column":7}},"type":"if","locations":[{"start":{"line":345,"column":6},"end":{"line":351,"column":7}},{"start":{},"end":{}}]},"61":{"loc":{"start":{"line":347,"column":8},"end":{"line":349,"column":9}},"type":"if","locations":[{"start":{"line":347,"column":8},"end":{"line":349,"column":9}},{"start":{},"end":{}}]}},"s":{"0":1,"1":1,"2":1,"3":0,"4":0,"5":0,"6":41,"7":41,"8":41,"9":41,"10":1,"11":1,"12":2,"13":2,"14":6,"15":1,"16":5,"17":3,"18":2,"19":2,"20":2,"21":2,"22":0,"23":2,"24":1,"25":1,"26":0,"27":1,"28":1,"29":2,"30":2,"31":0,"32":2,"33":2,"34":5,"35":1,"36":4,"37":4,"38":1,"39":3,"40":3,"41":3,"42":3,"43":3,"44":1,"45":2,"46":1,"47":1,"48":2,"49":4,"50":2,"51":2,"52":2,"53":1,"54":1,"55":10,"56":10,"57":10,"58":10,"59":2,"60":8,"61":1,"62":7,"63":7,"64":6,"65":6,"66":1,"67":5,"68":3,"69":2,"70":1,"71":1,"72":1,"73":1,"74":7,"75":7,"76":7,"77":1,"78":6,"79":4,"80":6,"81":2,"82":3,"83":1,"84":2,"85":1,"86":1,"87":1,"88":0,"89":1,"90":1,"91":1,"92":1,"93":0,"94":0,"95":0,"96":0,"97":1,"98":1,"99":1,"100":0,"101":1,"102":1,"103":1,"104":0,"105":1,"106":1,"107":1,"108":1,"109":1,"110":4,"111":4,"112":2,"113":2,"114":2,"115":2,"116":2,"117":2,"118":1,"119":2,"120":2,"121":1,"122":1,"123":1,"124":1,"125":1,"126":1,"127":1,"128":1,"129":1,"130":4,"131":4},"f":{"0":1,"1":41,"2":1,"3":1,"4":2,"5":2,"6":6,"7":1,"8":2,"9":5,"10":3,"11":4,"12":10,"13":7,"14":3,"15":1,"16":4,"17":2,"18":4},"b":{"0":[1,0],"1":[0,0],"2":[0,0],"3":[1,5],"4":[3,2],"5":[0,2],"6":[0,1],"7":[0,2],"8":[1,4],"9":[1,3],"10":[3,0],"11":[3,0],"12":[1,2],"13":[1,1],"14":[2,2],"15":[2,2],"16":[4,3],"17":[1,0],"18":[10,1],"19":[10,1],"20":[10,9],"21":[2,8],"22":[10,9,2],"23":[1,7],"24":[6,0],"25":[1,5],"26":[6,6],"27":[3,2],"28":[5,3],"29":[1,1],"30":[2,2],"31":[1,0],"32":[7,0],"33":[1,6],"34":[4,2],"35":[2,4],"36":[1,2],"37":[1,1],"38":[1,0],"39":[0,0],"40":[0,1],"41":[1,1],"42":[1,1],"43":[0,1],"44":[0,0],"45":[0,1],"46":[0,1],"47":[1,0],"48":[2,2],"49":[4,4,3],"50":[2,0],"51":[0,0],"52":[2,0],"53":[2,2],"54":[2,2],"55":[1,1],"56":[2,1],"57":[1,1],"58":[2,1],"59":[1,0],"60":[1,0],"61":[1,0]}}
,"/home/milner/Desktop/rust/slotm/app/src/types/domain.ts": {"path":"/home/milner/Desktop/rust/slotm/app/src/types/domain.ts","statementMap":{"0":{"start":{"line":82,"column":49},"end":{"line":82,"column":99}},"1":{"start":{"line":83,"column":53},"end":{"line":83,"column":72}},"2":{"start":{"line":84,"column":54},"end":{"line":86,"column":2}},"3":{"start":{"line":89,"column":2},"end":{"line":89,"column":93}},"4":{"start":{"line":93,"column":2},"end":{"line":93,"column":95}},"5":{"start":{"line":97,"column":2},"end":{"line":97,"column":95}},"6":{"start":{"line":100,"column":64},"end":{"line":100,"column":83}},"7":{"start":{"line":103,"column":2},"end":{"line":103,"column":100}},"8":{"start":{"line":200,"column":2},"end":{"line":200,"column":115}}},"fnMap":{"0":{"name":"isGameModeName","decl":{"start":{"line":88,"column":16},"end":{"line":88,"column":30}},"loc":{"start":{"line":88,"column":45},"end":{"line":90,"column":1}}},"1":{"name":"isRewardModeName","decl":{"start":{"line":92,"column":16},"end":{"line":92,"column":32}},"loc":{"start":{"line":92,"column":47},"end":{"line":94,"column":1}}},"2":{"name":"isTransactionType","decl":{"start":{"line":96,"column":16},"end":{"line":96,"column":33}},"loc":{"start":{"line":96,"column":48},"end":{"line":98,"column":1}}},"3":{"name":"isTransactionDirection","decl":{"start":{"line":102,"column":16},"end":{"line":102,"column":38}},"loc":{"start":{"line":102,"column":53},"end":{"line":104,"column":1}}},"4":{"name":"isJwtUserPayload","decl":{"start":{"line":199,"column":16},"end":{"line":199,"column":32}},"loc":{"start":{"line":199,"column":47},"end":{"line":201,"column":1}}}},"branchMap":{"0":{"loc":{"start":{"line":89,"column":9},"end":{"line":89,"column":92}},"type":"binary-expr","locations":[{"start":{"line":89,"column":9},"end":{"line":89,"column":34}},{"start":{"line":89,"column":39},"end":{"line":89,"column":92}}]},"1":{"loc":{"start":{"line":93,"column":9},"end":{"line":93,"column":94}},"type":"binary-expr","locations":[{"start":{"line":93,"column":9},"end":{"line":93,"column":34}},{"start":{"line":93,"column":39},"end":{"line":93,"column":94}}]},"2":{"loc":{"start":{"line":97,"column":9},"end":{"line":97,"column":94}},"type":"binary-expr","locations":[{"start":{"line":97,"column":9},"end":{"line":97,"column":34}},{"start":{"line":97,"column":39},"end":{"line":97,"column":94}}]},"3":{"loc":{"start":{"line":103,"column":9},"end":{"line":103,"column":99}},"type":"binary-expr","locations":[{"start":{"line":103,"column":9},"end":{"line":103,"column":34}},{"start":{"line":103,"column":39},"end":{"line":103,"column":99}}]},"4":{"loc":{"start":{"line":200,"column":9},"end":{"line":200,"column":114}},"type":"binary-expr","locations":[{"start":{"line":200,"column":9},"end":{"line":200,"column":34}},{"start":{"line":200,"column":38},"end":{"line":200,"column":52}},{"start":{"line":200,"column":56},"end":{"line":200,"column":114}}]}},"s":{"0":1,"1":1,"2":1,"3":9,"4":5,"5":7,"6":1,"7":5,"8":7},"f":{"0":9,"1":5,"2":7,"3":5,"4":7},"b":{"0":[9,6],"1":[5,3],"2":[7,6],"3":[5,3],"4":[7,5,4]}}
,"/home/milner/Desktop/rust/slotm/app/src/types/http.ts": {"path":"/home/milner/Desktop/rust/slotm/app/src/types/http.ts","statementMap":{"0":{"start":{"line":30,"column":2},"end":{"line":30,"column":30}}},"fnMap":{"0":{"name":"hasAuthenticatedUser","decl":{"start":{"line":27,"column":16},"end":{"line":27,"column":36}},"loc":{"start":{"line":28,"column":18},"end":{"line":31,"column":1}}}},"branchMap":{},"s":{"0":5},"f":{"0":5},"b":{}}
}
