TN:
SF:src/config/AppConfig.ts
FN:15,normalizeOrigin
FN:19,parseAllowedOrigins
FN:29,(anonymous_2)
FN:74,(anonymous_3)
FN:122,(anonymous_4)
FN:126,(anonymous_5)
FNF:6
FNH:6
FNDA:91,normalizeOrigin
FNDA:21,parseAllowedOrigins
FNDA:3,(anonymous_2)
FNDA:21,(anonymous_3)
FNDA:4,(anonymous_4)
FNDA:2,(anonymous_5)
DA:6,1
DA:7,1
DA:8,1
DA:16,91
DA:20,21
DA:22,21
DA:23,19
DA:26,2
DA:29,3
DA:31,2
DA:32,0
DA:35,2
DA:75,21
DA:76,21
DA:78,21
DA:79,21
DA:80,21
DA:81,21
DA:82,21
DA:86,21
DA:87,21
DA:91,21
DA:93,21
DA:94,21
DA:95,21
DA:97,21
DA:98,21
DA:99,21
DA:101,21
DA:103,21
DA:104,21
DA:105,21
DA:106,21
DA:107,21
DA:108,21
DA:109,21
DA:111,21
DA:112,21
DA:114,21
DA:115,21
DA:117,21
DA:118,1
DA:123,4
DA:127,2
LF:44
LH:43
BRDA:22,0,0,19
BRDA:22,0,1,2
BRDA:31,1,0,0
BRDA:31,1,1,2
BRDA:75,2,0,21
BRDA:75,2,1,20
BRDA:76,3,0,21
BRDA:76,3,1,20
BRDA:78,4,0,21
BRDA:78,4,1,1
BRDA:83,5,0,21
BRDA:83,5,1,20
BRDA:88,6,0,21
BRDA:88,6,1,20
BRDA:101,7,0,21
BRDA:101,7,1,19
BRDA:117,8,0,1
BRDA:117,8,1,20
BRF:18
BRH:17
end_of_record
TN:
SF:src/controllers/BaseController.ts
FN:13,(anonymous_0)
FN:16,(anonymous_1)
FN:28,(anonymous_2)
FN:31,(anonymous_3)
FN:43,(anonymous_4)
FN:51,(anonymous_5)
FN:64,(anonymous_6)
FN:75,(anonymous_7)
FN:80,(anonymous_8)
FN:92,(anonymous_9)
FNF:10
FNH:5
FNDA:0,(anonymous_0)
FNDA:0,(anonymous_1)
FNDA:0,(anonymous_2)
FNDA:0,(anonymous_3)
FNDA:0,(anonymous_4)
FNDA:9,(anonymous_5)
FNDA:6,(anonymous_6)
FNDA:7,(anonymous_7)
FNDA:8,(anonymous_8)
FNDA:2,(anonymous_9)
DA:16,0
DA:17,0
DA:18,0
DA:20,0
DA:31,0
DA:32,0
DA:33,0
DA:35,0
DA:44,0
DA:45,0
DA:46,0
DA:48,0
DA:52,9
DA:53,5
DA:55,4
DA:56,1
DA:58,3
DA:59,1
DA:61,2
DA:68,6
DA:69,6
DA:70,1
DA:72,5
DA:76,7
DA:77,7
DA:81,8
DA:82,8
DA:83,8
DA:84,4
DA:86,4
DA:87,2
DA:89,2
DA:93,2
LF:33
LH:21
BRDA:45,0,0,0
BRDA:45,0,1,0
BRDA:45,1,0,0
BRDA:45,1,1,0
BRDA:45,1,2,0
BRDA:51,2,0,8
BRDA:52,3,0,5
BRDA:52,3,1,4
BRDA:52,4,0,9
BRDA:52,4,1,5
BRDA:55,5,0,1
BRDA:55,5,1,3
BRDA:58,6,0,1
BRDA:58,6,1,2
BRDA:69,7,0,1
BRDA:69,7,1,5
BRDA:70,8,0,1
BRDA:70,8,1,0
BRDA:72,9,0,5
BRDA:72,9,1,3
BRDA:75,10,0,6
BRDA:76,11,0,7
BRDA:76,11,1,2
BRDA:77,12,0,5
BRDA:77,12,1,2
BRDA:81,13,0,8
BRDA:81,13,1,2
BRDA:82,14,0,8
BRDA:82,14,1,4
BRDA:83,15,0,4
BRDA:83,15,1,4
BRDA:83,16,0,8
BRDA:83,16,1,6
BRDA:86,17,0,2
BRDA:86,17,1,2
BRDA:89,18,0,2
BRDA:89,18,1,0
BRDA:95,19,0,2
BRDA:95,19,1,1
BRDA:96,20,0,2
BRDA:96,20,1,1
BRDA:97,21,0,2
BRDA:97,21,1,1
BRF:43
BRH:36
end_of_record
TN:
SF:src/game/miniGame.ts
FN:69,shuffle
FN:84,drawNumbers
FN:85,(anonymous_2)
FN:89,calculatePayout
FN:93,buildOddsInfo
FN:101,validateRequest
FN:140,executeMinigame
FN:181,betMultiplier
FN:223,findOdds
FN:231,calculateTicketTotalBet
FN:236,(anonymous_10)
FN:237,(anonymous_11)
FN:240,validateTicketRequest
FN:250,(anonymous_13)
FN:294,executeTicketMinigame
FN:303,(anonymous_15)
FN:311,(anonymous_16)
FNF:17
FNH:17
FNDA:20,shuffle
FNDA:20,drawNumbers
FNDA:600,(anonymous_2)
FNDA:3,calculatePayout
FNDA:9,buildOddsInfo
FNDA:19,validateRequest
FNDA:10,executeMinigame
FNDA:42,betMultiplier
FNDA:17,findOdds
FNDA:22,calculateTicketTotalBet
FNDA:30,(anonymous_10)
FNDA:25,(anonymous_11)
FNDA:18,validateTicketRequest
FNDA:17,(anonymous_13)
FNDA:9,executeTicketMinigame
FNDA:20,(anonymous_15)
FNDA:20,(anonymous_16)
DA:1,3
DA:2,3
DA:3,3
DA:4,3
DA:5,3
DA:10,3
DA:11,3
DA:12,3
DA:13,3
DA:70,20
DA:71,20
DA:72,580
DA:73,580
DA:74,580
DA:75,580
DA:76,0
DA:78,580
DA:79,580
DA:81,20
DA:85,600
DA:86,20
DA:90,3
DA:94,9
DA:102,19
DA:103,3
DA:106,16
DA:107,1
DA:110,15
DA:111,15
DA:113,15
DA:114,19
DA:115,19
DA:117,19
DA:118,2
DA:121,17
DA:122,1
DA:124,16
DA:126,16
DA:127,1
DA:130,15
DA:133,11
DA:134,1
DA:141,10
DA:143,9
DA:144,9
DA:145,9
DA:146,9
DA:147,9
DA:149,9
DA:150,11
DA:151,11
DA:152,11
DA:153,11
DA:155,11
DA:156,3
DA:159,11
DA:160,11
DA:162,11
DA:170,9
DA:182,42
DA:183,39
DA:185,3
DA:203,3
DA:224,17
DA:225,17
DA:226,10
DA:228,7
DA:235,22
DA:236,30
DA:237,25
DA:241,18
DA:242,18
DA:243,2
DA:246,16
DA:247,0
DA:250,17
DA:251,16
DA:252,1
DA:255,15
DA:256,1
DA:259,14
DA:261,14
DA:262,18
DA:263,18
DA:265,18
DA:266,1
DA:269,17
DA:270,35
DA:271,35
DA:272,2
DA:277,33
DA:278,1
DA:282,32
DA:286,10
DA:287,10
DA:288,1
DA:295,9
DA:297,8
DA:298,8
DA:299,8
DA:300,8
DA:302,8
DA:303,20
DA:305,10
DA:306,1
DA:307,1
DA:310,9
DA:311,20
DA:312,9
DA:313,9
DA:314,9
DA:316,9
DA:317,9
DA:325,8
DA:327,8
LF:115
LH:113
BRDA:75,0,0,0
BRDA:75,0,1,580
BRDA:75,1,0,580
BRDA:75,1,1,580
BRDA:102,2,0,3
BRDA:102,2,1,16
BRDA:102,3,0,19
BRDA:102,3,1,18
BRDA:102,3,2,18
BRDA:106,4,0,1
BRDA:106,4,1,15
BRDA:117,5,0,2
BRDA:117,5,1,17
BRDA:117,6,0,19
BRDA:117,6,1,19
BRDA:117,6,2,18
BRDA:121,7,0,1
BRDA:121,7,1,16
BRDA:126,8,0,1
BRDA:126,8,1,15
BRDA:133,9,0,1
BRDA:133,9,1,10
BRDA:133,10,0,11
BRDA:133,10,1,0
BRDA:135,11,0,1
BRDA:135,11,1,0
BRDA:153,12,0,3
BRDA:153,12,1,8
BRDA:155,13,0,3
BRDA:155,13,1,8
BRDA:182,14,0,39
BRDA:182,14,1,3
BRDA:182,15,0,42
BRDA:182,15,1,40
BRDA:225,16,0,10
BRDA:225,16,1,7
BRDA:242,17,0,2
BRDA:242,17,1,16
BRDA:246,18,0,0
BRDA:246,18,1,16
BRDA:250,19,0,17
BRDA:250,19,1,17
BRDA:251,20,0,1
BRDA:251,20,1,15
BRDA:255,21,0,1
BRDA:255,21,1,14
BRDA:263,22,0,18
BRDA:263,22,1,0
BRDA:265,23,0,1
BRDA:265,23,1,17
BRDA:271,24,0,2
BRDA:271,24,1,33
BRDA:271,25,0,35
BRDA:271,25,1,35
BRDA:271,25,2,34
BRDA:277,26,0,1
BRDA:277,26,1,32
BRDA:287,27,0,1
BRDA:287,27,1,9
BRDA:287,28,0,10
BRDA:287,28,1,0
BRDA:289,29,0,1
BRDA:289,29,1,0
BRDA:303,30,0,10
BRDA:303,30,1,0
BRDA:305,31,0,1
BRDA:305,31,1,9
BRDA:314,32,0,5
BRDA:314,32,1,4
BRDA:314,33,0,9
BRDA:314,33,1,5
BRF:71
BRH:63
end_of_record
TN:
SF:src/game/slotMachine.ts
FN:12,generateSymbols
FN:21,buildGrid
FN:46,countConsecutiveMatches
FN:80,getMultiplier
FN:115,evaluatePayline
FN:122,(anonymous_5)
FN:145,shouldTriggerMiniGame
FN:152,executeSingleLineSpin
FN:157,(anonymous_8)
FN:188,executeMultiLineSpin
FN:226,executeSpin
FN:231,executeSpinWithReels
FNF:12
FNH:12
FNDA:109,generateSymbols
FNDA:20,buildGrid
FNDA:64,countConsecutiveMatches
FNDA:18,getMultiplier
FNDA:60,evaluatePayline
FNDA:300,(anonymous_5)
FNDA:16,shouldTriggerMiniGame
FNDA:4,executeSingleLineSpin
FNDA:20,(anonymous_8)
FNDA:12,executeMultiLineSpin
FNDA:5,executeSpin
FNDA:16,executeSpinWithReels
DA:13,109
DA:14,109
DA:15,545
DA:16,545
DA:18,109
DA:22,20
DA:23,1
DA:26,19
DA:28,19
DA:29,95
DA:30,95
DA:31,95
DA:32,95
DA:34,95
DA:35,95
DA:36,95
DA:39,19
DA:40,2
DA:43,19
DA:47,64
DA:48,0
DA:51,64
DA:52,64
DA:53,320
DA:54,320
DA:55,2
DA:56,0
DA:57,0
DA:59,2
DA:62,318
DA:63,318
DA:67,64
DA:68,64
DA:69,64
DA:70,112
DA:71,62
DA:73,50
DA:77,64
DA:85,18
DA:86,18
DA:87,18
DA:89,18
DA:90,0
DA:93,18
DA:94,18
DA:95,0
DA:98,18
DA:99,18
DA:101,18
DA:107,18
DA:108,18
DA:109,0
DA:112,18
DA:122,300
DA:123,60
DA:125,60
DA:126,43
DA:129,17
DA:130,17
DA:131,0
DA:134,17
DA:135,17
DA:146,16
DA:147,8
DA:149,8
DA:157,20
DA:158,4
DA:159,4
DA:160,4
DA:162,4
DA:163,1
DA:164,1
DA:165,1
DA:166,1
DA:167,1
DA:178,4
DA:193,12
DA:194,12
DA:195,12
DA:197,12
DA:198,84
DA:199,24
DA:202,60
DA:203,60
DA:204,0
DA:207,60
DA:208,60
DA:209,43
DA:212,17
DA:213,17
DA:216,12
DA:227,5
DA:228,5
DA:236,16
DA:237,4
DA:239,12
LF:96
LH:88
BRDA:12,0,0,101
BRDA:22,1,0,1
BRDA:22,1,1,19
BRDA:22,2,0,20
BRDA:22,2,1,20
BRDA:29,3,0,95
BRDA:29,3,1,0
BRDA:30,4,0,1
BRDA:30,4,1,94
BRDA:32,5,0,14
BRDA:32,5,1,81
BRDA:39,6,0,2
BRDA:39,6,1,17
BRDA:39,7,0,19
BRDA:39,7,1,3
BRDA:47,8,0,0
BRDA:47,8,1,64
BRDA:47,9,0,64
BRDA:47,9,1,64
BRDA:54,10,0,2
BRDA:54,10,1,318
BRDA:55,11,0,0
BRDA:55,11,1,2
BRDA:57,12,0,0
BRDA:57,12,1,0
BRDA:59,13,0,2
BRDA:59,13,1,0
BRDA:63,14,0,318
BRDA:63,14,1,0
BRDA:67,15,0,64
BRDA:67,15,1,0
BRDA:70,16,0,62
BRDA:70,16,1,50
BRDA:89,17,0,0
BRDA:89,17,1,18
BRDA:89,18,0,18
BRDA:89,18,1,18
BRDA:89,18,2,18
BRDA:89,18,3,18
BRDA:94,19,0,0
BRDA:94,19,1,18
BRDA:94,20,0,18
BRDA:94,20,1,18
BRDA:94,20,2,18
BRDA:108,21,0,0
BRDA:108,21,1,18
BRDA:112,22,0,18
BRDA:112,22,1,0
BRDA:122,23,0,300
BRDA:122,23,1,0
BRDA:125,24,0,43
BRDA:125,24,1,17
BRDA:130,25,0,0
BRDA:130,25,1,17
BRDA:146,26,0,8
BRDA:146,26,1,8
BRDA:162,27,0,1
BRDA:162,27,1,3
BRDA:164,28,0,1
BRDA:164,28,1,0
BRDA:198,29,0,24
BRDA:198,29,1,60
BRDA:198,30,0,84
BRDA:198,30,1,0
BRDA:203,31,0,0
BRDA:203,31,1,60
BRDA:208,32,0,43
BRDA:208,32,1,17
BRDA:222,33,0,1
BRDA:222,33,1,11
BRDA:234,34,0,0
BRDA:236,35,0,4
BRDA:236,35,1,12
BRF:73
BRH:55
end_of_record
TN:
SF:src/game/types.ts
FN:18,isGameModeId
FN:99,exactMatchProbability
FN:106,symbolsInGroup
FN:114,resolveGroupCoefficients
FN:127,(anonymous_4)
FN:133,buildBaseNumbersKvote
FN:136,(anonymous_6)
FN:157,kvoteForGameMode
FN:162,(anonymous_8)
FN:165,activeLineCount
FN:166,(anonymous_10)
FN:169,totalBet
FN:176,validateJoker
FN:199,gameModeName
FN:203,rewardModeName
FN:207,winLineToPhpArray
FN:218,toPhpResponse
FN:226,(anonymous_17)
FN:243,success
FN:247,error
FNF:20
FNH:19
FNDA:16,isGameModeId
FNDA:264,exactMatchProbability
FNDA:66,symbolsInGroup
FNDA:6,resolveGroupCoefficients
FNDA:0,(anonymous_4)
FNDA:6,buildBaseNumbersKvote
FNDA:66,(anonymous_6)
FNDA:49,kvoteForGameMode
FNDA:220,(anonymous_8)
FNDA:11,activeLineCount
FNDA:77,(anonymous_10)
FNDA:11,totalBet
FNDA:11,validateJoker
FNDA:10,gameModeName
FNDA:7,rewardModeName
FNDA:1,winLineToPhpArray
FNDA:7,toPhpResponse
FNDA:1,(anonymous_17)
FNDA:18,success
FNDA:12,error
DA:3,6
DA:4,6
DA:5,6
DA:6,6
DA:7,6
DA:8,6
DA:9,6
DA:16,6
DA:19,16
DA:72,6
DA:82,6
DA:83,6
DA:84,6
DA:87,6
DA:100,264
DA:101,66
DA:103,198
DA:107,66
DA:108,66
DA:109,0
DA:111,66
DA:115,6
DA:116,0
DA:118,6
DA:119,6
DA:121,0
DA:122,0
DA:125,0
DA:126,0
DA:127,0
DA:128,0
DA:129,0
DA:134,6
DA:135,6
DA:136,66
DA:137,6
DA:138,6
DA:139,6
DA:141,6
DA:142,66
DA:143,66
DA:145,66
DA:146,264
DA:147,264
DA:148,264
DA:152,6
DA:155,6
DA:158,49
DA:159,49
DA:160,44
DA:162,220
DA:166,77
DA:170,11
DA:171,4
DA:173,7
DA:177,11
DA:178,3
DA:180,8
DA:183,6
DA:191,6
DA:200,10
DA:204,7
DA:208,1
DA:224,7
DA:226,1
DA:228,7
DA:244,18
DA:248,12
LF:68
LH:59
BRDA:100,0,0,66
BRDA:100,0,1,198
BRDA:108,1,0,0
BRDA:108,1,1,66
BRDA:111,2,0,66
BRDA:111,2,1,0
BRDA:115,3,0,0
BRDA:115,3,1,6
BRDA:118,4,0,6
BRDA:118,4,1,0
BRDA:121,5,0,0
BRDA:121,5,1,0
BRDA:122,6,0,0
BRDA:122,6,1,0
BRDA:125,7,0,0
BRDA:125,7,1,0
BRDA:126,8,0,0
BRDA:126,8,1,0
BRDA:138,9,0,6
BRDA:138,9,1,0
BRDA:142,10,0,66
BRDA:142,10,1,0
BRDA:147,11,0,264
BRDA:147,11,1,0
BRDA:158,12,0,49
BRDA:158,12,1,0
BRDA:159,13,0,44
BRDA:159,13,1,5
BRDA:170,14,0,4
BRDA:170,14,1,7
BRDA:177,15,0,3
BRDA:177,15,1,8
BRDA:224,16,0,6
BRDA:224,16,1,1
BRDA:229,17,0,7
BRDA:229,17,1,0
BRDA:230,18,0,7
BRDA:230,18,1,0
BRDA:231,19,0,7
BRDA:231,19,1,0
BRDA:232,20,0,7
BRDA:232,20,1,0
BRDA:233,21,0,7
BRDA:233,21,1,0
BRDA:238,22,0,1
BRDA:238,22,1,6
BRF:46
BRH:25
end_of_record
TN:
SF:src/game/engines/AbstractGameEngine.ts
FN:12,(anonymous_0)
FN:19,(anonymous_1)
FN:31,(anonymous_2)
FN:50,(anonymous_3)
FN:69,(anonymous_4)
FN:88,(anonymous_5)
FNF:6
FNH:5
FNDA:18,(anonymous_0)
FNDA:15,(anonymous_1)
FNDA:5,(anonymous_2)
FNDA:7,(anonymous_3)
FNDA:0,(anonymous_4)
FNDA:3,(anonymous_5)
DA:13,18
DA:14,18
DA:23,15
DA:24,15
DA:25,15
DA:26,3
DA:28,12
DA:37,5
DA:38,5
DA:39,5
DA:56,7
DA:57,7
DA:58,7
DA:75,0
DA:76,0
DA:77,0
DA:94,3
DA:95,3
DA:96,3
LF:19
LH:16
BRDA:25,0,0,3
BRDA:25,0,1,12
BRF:2
BRH:2
end_of_record
TN:
SF:src/game/engines/GameEngineRegistry.ts
FN:8,(anonymous_0)
FN:12,(anonymous_1)
FN:18,(anonymous_2)
FNF:3
FNH:3
FNDA:4,(anonymous_0)
FNDA:3,(anonymous_1)
FNDA:11,(anonymous_2)
DA:5,15
DA:6,15
DA:9,4
DA:15,3
DA:19,11
DA:20,11
DA:21,3
DA:24,8
DA:25,2
DA:28,6
LF:10
LH:10
BRDA:20,0,0,3
BRDA:20,0,1,8
BRDA:24,1,0,2
BRDA:24,1,1,6
BRDA:24,2,0,8
BRDA:24,2,1,3
BRF:6
BRH:6
end_of_record
TN:
SF:src/game/engines/LegacyMiniGameEngine.ts
FN:17,normalizeOldMiniGameRequest
FN:23,(anonymous_1)
FN:33,(anonymous_2)
FNF:3
FNH:3
FNDA:6,normalizeOldMiniGameRequest
FNDA:6,(anonymous_1)
FNDA:6,(anonymous_2)
DA:21,6
DA:22,6
DA:23,6
DA:29,6
DA:34,6
DA:35,6
DA:38,6
DA:39,6
DA:41,1
DA:47,5
DA:48,5
DA:49,5
DA:50,1
DA:53,4
DA:61,4
DA:62,1
DA:70,4
DA:71,4
DA:72,4
DA:81,4
LF:20
LH:20
BRDA:22,0,0,6
BRDA:22,0,1,0
BRDA:47,1,0,5
BRDA:47,1,1,0
BRDA:49,2,0,1
BRDA:49,2,1,4
BRDA:61,3,0,1
BRDA:61,3,1,3
BRF:8
BRH:6
end_of_record
TN:
SF:src/game/engines/SlotSpinEngine.ts
FN:26,normalizeLines
FN:30,(anonymous_1)
FN:39,normalizeSpinRequest
FN:59,(anonymous_3)
FNF:4
FNH:4
FNDA:7,normalizeLines
FNDA:49,(anonymous_1)
FNDA:7,normalizeSpinRequest
FNDA:7,(anonymous_3)
DA:27,7
DA:28,7
DA:30,49
DA:32,7
DA:33,0
DA:36,7
DA:40,7
DA:41,7
DA:42,7
DA:43,7
DA:44,7
DA:46,7
DA:63,7
DA:65,7
DA:66,1
DA:69,6
DA:70,6
DA:71,6
DA:72,1
DA:75,5
DA:87,5
DA:88,5
DA:90,5
DA:91,0
DA:99,5
DA:101,5
DA:119,5
DA:120,5
DA:122,5
LF:29
LH:27
BRDA:27,0,0,2
BRDA:27,0,1,5
BRDA:30,1,0,7
BRDA:30,1,1,42
BRDA:41,2,0,5
BRDA:41,2,1,2
BRDA:44,3,0,7
BRDA:44,3,1,0
BRDA:51,4,0,1
BRDA:51,4,1,6
BRDA:65,5,0,1
BRDA:65,5,1,6
BRDA:71,6,0,1
BRDA:71,6,1,5
BRDA:90,7,0,0
BRDA:90,7,1,5
BRDA:111,8,0,0
BRDA:111,8,1,5
BRF:18
BRH:15
end_of_record
TN:
SF:src/game/engines/TicketMiniGameEngine.ts
FN:15,normalizeTicketRequest
FN:21,(anonymous_1)
FN:22,(anonymous_2)
FN:34,(anonymous_3)
FNF:4
FNH:4
FNDA:5,normalizeTicketRequest
FNDA:5,(anonymous_1)
FNDA:10,(anonymous_2)
FNDA:5,(anonymous_3)
DA:19,5
DA:20,5
DA:22,10
DA:26,5
DA:35,5
DA:36,5
DA:39,5
DA:40,5
DA:42,1
DA:48,4
DA:49,4
DA:50,4
DA:51,1
DA:54,3
DA:62,3
DA:63,2
DA:71,3
DA:72,3
DA:73,3
DA:86,3
LF:20
LH:20
BRDA:20,0,0,5
BRDA:20,0,1,0
BRDA:22,1,0,5
BRDA:22,1,1,0
BRDA:48,2,0,4
BRDA:48,2,1,0
BRDA:50,3,0,1
BRDA:50,3,1,3
BRDA:62,4,0,2
BRDA:62,4,1,1
BRF:10
BRH:7
end_of_record
TN:
SF:src/lib/cookies.ts
FN:9,parseCookies
FN:32,serializeCookie
FNF:2
FNH:2
FNDA:12,parseCookies
FNDA:11,serializeCookie
DA:10,12
DA:11,3
DA:14,9
DA:15,9
DA:16,9
DA:17,17
DA:18,17
DA:19,2
DA:21,15
DA:22,15
DA:23,1
DA:25,14
DA:26,14
DA:27,14
DA:29,9
DA:37,11
DA:39,11
DA:40,3
DA:42,11
DA:43,2
DA:45,11
DA:46,3
DA:48,11
DA:49,2
DA:51,11
DA:52,3
DA:55,11
LF:27
LH:27
BRDA:10,0,0,3
BRDA:10,0,1,9
BRDA:18,1,0,2
BRDA:18,1,1,15
BRDA:22,2,0,1
BRDA:22,2,1,14
BRDA:35,3,0,2
BRDA:39,4,0,3
BRDA:39,4,1,8
BRDA:42,5,0,2
BRDA:42,5,1,9
BRDA:45,6,0,3
BRDA:45,6,1,8
BRDA:48,7,0,2
BRDA:48,7,1,9
BRDA:51,8,0,3
BRDA:51,8,1,8
BRF:17
BRH:17
end_of_record
TN:
SF:src/lib/env.ts
FN:13,loadAppEnv
FNF:1
FNH:1
FNDA:6,loadAppEnv
DA:14,6
LF:1
LH:1
BRDA:15,0,0,6
BRDA:15,0,1,4
BRDA:16,1,0,6
BRDA:16,1,1,5
BRDA:17,2,0,6
BRDA:17,2,1,5
BRDA:18,3,0,6
BRDA:18,3,1,4
BRDA:19,4,0,6
BRDA:19,4,1,5
BRDA:20,5,0,6
BRDA:20,5,1,5
BRDA:21,6,0,6
BRDA:21,6,1,5
BRDA:22,7,0,6
BRDA:22,7,1,5
BRDA:23,8,0,6
BRDA:23,8,1,4
BRF:18
BRH:18
end_of_record
TN:
SF:src/lib/payloadParsers.ts
FN:12,asObject
FN:23,safeJsonParse
FN:34,toInt
FN:39,toErrorMessage
FNF:4
FNH:4
FNDA:34,asObject
FNDA:10,safeJsonParse
FNDA:73,toInt
FNDA:6,toErrorMessage
DA:13,34
DA:14,30
DA:16,4
DA:24,10
DA:25,5
DA:27,5
DA:28,5
DA:30,2
DA:35,73
DA:36,73
DA:40,6
DA:41,3
DA:43,3
LF:13
LH:13
BRDA:13,0,0,30
BRDA:13,0,1,4
BRDA:13,1,0,34
BRDA:13,1,1,31
BRDA:23,2,0,5
BRDA:24,3,0,5
BRDA:24,3,1,5
BRDA:24,4,0,10
BRDA:24,4,1,6
BRDA:34,5,0,5
BRDA:35,6,0,73
BRDA:35,6,1,24
BRDA:36,7,0,71
BRDA:36,7,1,2
BRDA:40,8,0,3
BRDA:40,8,1,3
BRDA:40,9,0,6
BRDA:40,9,1,3
BRF:18
BRH:18
end_of_record
TN:
SF:src/lib/security.ts
FN:7,randomId
FN:11,hashPassword
FN:24,verifyPassword
FNF:3
FNH:3
FNDA:13,randomId
FNDA:28,hashPassword
FNDA:8,verifyPassword
DA:3,3
DA:4,3
DA:5,3
DA:8,13
DA:15,28
DA:18,28
DA:29,8
DA:30,8
DA:31,8
DA:32,8
DA:33,0
DA:35,8
LF:12
LH:11
BRDA:7,0,0,12
BRDA:13,1,0,14
BRDA:32,2,0,0
BRDA:32,2,1,8
BRF:4
BRH:3
end_of_record
TN:
SF:src/lib/stripeRedirect.ts
FN:1,buildStripeCheckoutReturnUrls
FNF:1
FNH:1
FNDA:8,buildStripeCheckoutReturnUrls
DA:6,8
DA:7,8
DA:9,8
DA:10,8
DA:11,8
DA:13,8
DA:14,8
DA:16,8
LF:8
LH:8
BRDA:10,0,0,8
BRDA:10,0,1,0
BRF:2
BRH:1
end_of_record
TN:
SF:src/lib/stripeWebhook.ts
FN:8,parseSignatureHeader
FN:47,timingSafeHexEqual
FN:64,verifyStripeWebhookSignature
FNF:3
FNH:3
FNDA:14,parseSignatureHeader
FNDA:8,timingSafeHexEqual
FNDA:14,verifyStripeWebhookSignature
DA:11,14
DA:12,2
DA:15,12
DA:16,12
DA:17,12
DA:19,12
DA:20,23
DA:21,23
DA:22,0
DA:24,23
DA:25,23
DA:26,1
DA:28,22
DA:29,22
DA:30,22
DA:31,10
DA:32,10
DA:33,10
DA:35,12
DA:36,12
DA:40,12
DA:41,3
DA:44,9
DA:48,8
DA:49,0
DA:52,8
DA:53,8
DA:54,8
DA:55,8
DA:56,0
DA:58,8
DA:60,0
DA:77,14
DA:78,14
DA:79,6
DA:82,8
DA:83,2
DA:86,6
DA:87,6
DA:92,6
DA:93,8
DA:94,3
DA:98,3
LF:43
LH:39
BRDA:11,0,0,2
BRDA:11,0,1,12
BRDA:11,1,0,14
BRDA:11,1,1,12
BRDA:21,2,0,0
BRDA:21,2,1,23
BRDA:25,3,0,1
BRDA:25,3,1,22
BRDA:30,4,0,10
BRDA:30,4,1,12
BRDA:32,5,0,10
BRDA:32,5,1,0
BRDA:35,6,0,12
BRDA:35,6,1,0
BRDA:35,7,0,12
BRDA:35,7,1,12
BRDA:40,8,0,3
BRDA:40,8,1,9
BRDA:40,9,0,12
BRDA:40,9,1,10
BRDA:48,10,0,0
BRDA:48,10,1,8
BRDA:48,11,0,8
BRDA:48,11,1,8
BRDA:48,11,2,8
BRDA:55,12,0,0
BRDA:55,12,1,8
BRDA:55,13,0,8
BRDA:55,13,1,8
BRDA:68,14,0,11
BRDA:69,15,0,0
BRDA:78,16,0,6
BRDA:78,16,1,8
BRDA:78,17,0,14
BRDA:78,17,1,9
BRDA:82,18,0,2
BRDA:82,18,1,6
BRDA:93,19,0,3
BRDA:93,19,1,5
BRF:39
BRH:33
end_of_record
TN:
SF:src/lib/template.ts
FN:8,escapeHtml
FN:17,isTruthy
FN:21,processConditionals
FN:25,(anonymous_3)
FN:33,renderTemplate
FN:41,(anonymous_5)
FN:48,(anonymous_6)
FNF:7
FNH:7
FNDA:2,escapeHtml
FNDA:6,isTruthy
FNDA:10,processConditionals
FNDA:6,(anonymous_3)
FNDA:10,renderTemplate
FNDA:1,(anonymous_5)
FNDA:3,(anonymous_6)
DA:3,1
DA:4,1
DA:5,1
DA:6,1
DA:9,2
DA:18,6
DA:25,10
DA:26,6
DA:27,6
DA:28,6
DA:29,6
DA:37,10
DA:39,10
DA:41,10
DA:42,1
DA:43,0
DA:45,1
DA:48,10
DA:49,3
DA:50,1
DA:52,2
LF:21
LH:20
BRDA:18,0,0,6
BRDA:18,0,1,5
BRDA:18,0,2,5
BRDA:18,0,3,4
BRDA:18,0,4,2
BRDA:27,1,0,4
BRDA:27,1,1,2
BRDA:28,2,0,4
BRDA:28,2,1,2
BRDA:29,3,0,1
BRDA:29,3,1,5
BRDA:42,4,0,0
BRDA:42,4,1,1
BRDA:49,5,0,1
BRDA:49,5,1,2
BRF:15
BRH:14
end_of_record
TN:
SF:src/services/AuthService.ts
FN:14,(anonymous_0)
FN:19,(anonymous_1)
FN:43,(anonymous_2)
FN:55,(anonymous_3)
FN:74,(anonymous_4)
FN:81,(anonymous_5)
FNF:6
FNH:6
FNDA:13,(anonymous_0)
FNDA:7,(anonymous_1)
FNDA:4,(anonymous_2)
FNDA:6,(anonymous_3)
FNDA:4,(anonymous_4)
FNDA:2,(anonymous_5)
DA:15,13
DA:16,13
DA:20,7
DA:22,7
DA:23,2
DA:25,5
DA:26,1
DA:28,4
DA:29,1
DA:32,3
DA:33,3
DA:34,3
DA:35,3
DA:36,1
DA:39,2
DA:40,2
DA:44,4
DA:45,4
DA:47,4
DA:48,2
DA:51,2
DA:52,2
DA:56,6
DA:60,6
DA:61,6
DA:62,6
DA:65,6
DA:75,4
DA:76,4
DA:82,2
DA:83,2
LF:31
LH:31
BRDA:22,0,0,2
BRDA:22,0,1,5
BRDA:22,1,0,7
BRDA:22,1,1,6
BRDA:25,2,0,1
BRDA:25,2,1,4
BRDA:28,3,0,1
BRDA:28,3,1,3
BRDA:35,4,0,1
BRDA:35,4,1,2
BRDA:47,5,0,2
BRDA:47,5,1,2
BRDA:47,6,0,4
BRDA:47,6,1,3
BRDA:61,7,0,6
BRDA:61,7,1,0
BRF:16
BRH:15
end_of_record
TN:
SF:src/services/GameService.ts
FN:10,(anonymous_0)
FN:16,(anonymous_1)
FN:36,(anonymous_2)
FN:67,(anonymous_3)
FNF:4
FNH:4
FNDA:8,(anonymous_0)
FNDA:8,(anonymous_1)
FNDA:3,(anonymous_2)
FNDA:1,(anonymous_3)
DA:11,8
DA:12,8
DA:13,8
DA:17,8
DA:18,8
DA:20,8
DA:21,3
DA:24,5
DA:25,1
DA:28,4
DA:29,4
DA:30,4
DA:33,0
DA:48,3
DA:49,3
DA:50,3
DA:52,3
DA:53,3
DA:55,3
DA:70,1
LF:20
LH:19
BRDA:18,0,0,6
BRDA:18,0,1,2
BRDA:20,1,0,3
BRDA:20,1,1,5
BRDA:24,2,0,1
BRDA:24,2,1,4
BRDA:29,3,0,4
BRDA:29,3,1,0
BRF:8
BRH:7
end_of_record
TN:
SF:src/services/ProfileService.ts
FN:5,(anonymous_0)
FN:7,(anonymous_1)
FN:19,(anonymous_2)
FN:48,(anonymous_3)
FN:59,(anonymous_4)
FNF:5
FNH:5
FNDA:12,(anonymous_0)
FNDA:4,(anonymous_1)
FNDA:6,(anonymous_2)
FNDA:2,(anonymous_3)
FNDA:5,(anonymous_4)
DA:5,12
DA:12,4
DA:13,4
DA:15,4
DA:16,4
DA:25,6
DA:26,1
DA:28,5
DA:29,1
DA:31,4
DA:32,1
DA:35,3
DA:36,3
DA:37,1
DA:40,2
DA:41,1
DA:44,1
DA:45,1
DA:52,2
DA:53,2
DA:54,2
DA:60,5
DA:61,5
LF:23
LH:23
BRDA:25,0,0,1
BRDA:25,0,1,5
BRDA:28,1,0,1
BRDA:28,1,1,4
BRDA:31,2,0,1
BRDA:31,2,1,3
BRDA:36,3,0,1
BRDA:36,3,1,2
BRDA:40,4,0,1
BRDA:40,4,1,1
BRF:10
BRH:10
end_of_record
TN:
SF:src/services/WalletService.ts
FN:19,paymentMethodFromSession
FN:31,(anonymous_1)
FN:38,(anonymous_2)
FN:42,(anonymous_3)
FN:46,(anonymous_4)
FN:50,(anonymous_5)
FN:58,(anonymous_6)
FN:76,(anonymous_7)
FN:98,(anonymous_8)
FN:118,(anonymous_9)
FN:130,(anonymous_10)
FN:143,(anonymous_11)
FN:156,(anonymous_12)
FN:194,(anonymous_13)
FN:213,(anonymous_14)
FN:264,(anonymous_15)
FN:287,(anonymous_16)
FN:333,(anonymous_17)
FN:359,(anonymous_18)
FNF:19
FNH:19
FNDA:1,paymentMethodFromSession
FNDA:41,(anonymous_1)
FNDA:1,(anonymous_2)
FNDA:1,(anonymous_3)
FNDA:2,(anonymous_4)
FNDA:2,(anonymous_5)
FNDA:6,(anonymous_6)
FNDA:1,(anonymous_7)
FNDA:2,(anonymous_8)
FNDA:5,(anonymous_9)
FNDA:3,(anonymous_10)
FNDA:4,(anonymous_11)
FNDA:10,(anonymous_12)
FNDA:7,(anonymous_13)
FNDA:3,(anonymous_14)
FNDA:1,(anonymous_15)
FNDA:4,(anonymous_16)
FNDA:2,(anonymous_17)
FNDA:4,(anonymous_18)
DA:20,1
DA:21,1
DA:22,1
DA:24,0
DA:25,0
DA:27,0
DA:32,41
DA:33,41
DA:34,41
DA:35,41
DA:39,1
DA:43,1
DA:47,2
DA:55,2
DA:59,6
DA:60,1
DA:63,5
DA:64,3
DA:67,2
DA:68,2
DA:69,2
DA:70,2
DA:71,0
DA:73,2
DA:82,1
DA:83,1
DA:84,0
DA:87,1
DA:95,1
DA:103,2
DA:104,2
DA:105,0
DA:108,2
DA:115,2
DA:119,5
DA:120,1
DA:123,4
DA:124,4
DA:125,1
DA:128,3
DA:129,3
DA:130,3
DA:131,3
DA:132,1
DA:135,2
DA:136,1
DA:137,1
DA:140,2
DA:144,4
DA:145,2
DA:148,2
DA:149,2
DA:150,1
DA:152,1
DA:160,10
DA:161,10
DA:162,10
DA:164,10
DA:165,2
DA:168,8
DA:169,1
DA:172,7
DA:173,7
DA:174,6
DA:175,6
DA:176,1
DA:179,5
DA:180,3
DA:183,2
DA:184,1
DA:187,1
DA:188,1
DA:191,1
DA:198,7
DA:199,7
DA:200,7
DA:201,1
DA:204,6
DA:205,4
DA:208,6
DA:209,2
DA:217,3
DA:218,1
DA:221,2
DA:222,1
DA:225,1
DA:232,1
DA:233,0
DA:236,1
DA:237,1
DA:252,1
DA:253,1
DA:254,0
DA:255,0
DA:256,0
DA:258,0
DA:261,1
DA:268,1
DA:269,1
DA:270,0
DA:273,1
DA:274,1
DA:275,1
DA:276,0
DA:279,1
DA:280,1
DA:281,1
DA:283,1
DA:284,1
DA:292,4
DA:293,4
DA:298,2
DA:301,2
DA:309,2
DA:310,2
DA:311,2
DA:328,2
DA:329,1
DA:337,2
DA:338,2
DA:339,1
DA:342,1
DA:343,1
DA:344,1
DA:345,1
DA:346,1
DA:347,1
DA:348,1
DA:350,1
DA:360,4
DA:361,4
LF:131
LH:118
BRDA:21,0,0,1
BRDA:21,0,1,0
BRDA:24,1,0,0
BRDA:24,1,1,0
BRDA:27,2,0,0
BRDA:27,2,1,0
BRDA:59,3,0,1
BRDA:59,3,1,5
BRDA:63,4,0,3
BRDA:63,4,1,2
BRDA:70,5,0,0
BRDA:70,5,1,2
BRDA:83,6,0,0
BRDA:83,6,1,1
BRDA:104,7,0,0
BRDA:104,7,1,2
BRDA:119,8,0,1
BRDA:119,8,1,4
BRDA:124,9,0,1
BRDA:124,9,1,3
BRDA:129,10,0,3
BRDA:129,10,1,0
BRDA:130,11,0,3
BRDA:130,11,1,0
BRDA:131,12,0,1
BRDA:131,12,1,2
BRDA:135,13,0,1
BRDA:135,13,1,1
BRDA:135,14,0,2
BRDA:135,14,1,2
BRDA:144,15,0,2
BRDA:144,15,1,2
BRDA:144,16,0,4
BRDA:144,16,1,3
BRDA:150,17,0,1
BRDA:150,17,1,0
BRDA:160,18,0,10
BRDA:160,18,1,1
BRDA:161,19,0,10
BRDA:161,19,1,1
BRDA:162,20,0,10
BRDA:162,20,1,9
BRDA:164,21,0,2
BRDA:164,21,1,8
BRDA:164,22,0,10
BRDA:164,22,1,9
BRDA:164,22,2,2
BRDA:168,23,0,1
BRDA:168,23,1,7
BRDA:174,24,0,6
BRDA:174,24,1,0
BRDA:175,25,0,1
BRDA:175,25,1,5
BRDA:175,26,0,6
BRDA:175,26,1,6
BRDA:179,27,0,3
BRDA:179,27,1,2
BRDA:179,28,0,5
BRDA:179,28,1,3
BRDA:183,29,0,1
BRDA:183,29,1,1
BRDA:183,30,0,2
BRDA:183,30,1,2
BRDA:187,31,0,1
BRDA:187,31,1,0
BRDA:198,32,0,7
BRDA:198,32,1,0
BRDA:200,33,0,1
BRDA:200,33,1,6
BRDA:204,34,0,4
BRDA:204,34,1,2
BRDA:208,35,0,2
BRDA:208,35,1,4
BRDA:217,36,0,1
BRDA:217,36,1,2
BRDA:221,37,0,1
BRDA:221,37,1,1
BRDA:227,38,0,1
BRDA:227,38,1,0
BRDA:228,39,0,0
BRDA:228,39,1,0
BRDA:232,40,0,0
BRDA:232,40,1,1
BRDA:232,41,0,1
BRDA:232,41,1,1
BRDA:248,42,0,1
BRDA:248,42,1,1
BRDA:253,43,0,0
BRDA:253,43,1,1
BRDA:255,44,0,0
BRDA:255,44,1,0
BRDA:269,45,0,0
BRDA:269,45,1,1
BRDA:275,46,0,0
BRDA:275,46,1,1
BRDA:280,47,0,1
BRDA:280,47,1,0
BRDA:293,48,0,2
BRDA:293,48,1,2
BRDA:294,49,0,4
BRDA:294,49,1,4
BRDA:294,49,2,3
BRDA:303,50,0,2
BRDA:303,50,1,0
BRDA:304,51,0,0
BRDA:304,51,1,0
BRDA:309,52,0,2
BRDA:309,52,1,0
BRDA:309,53,0,2
BRDA:309,53,1,2
BRDA:323,54,0,2
BRDA:323,54,1,2
BRDA:328,55,0,1
BRDA:328,55,1,1
BRDA:328,56,0,2
BRDA:328,56,1,1
BRDA:338,57,0,1
BRDA:338,57,1,1
BRDA:338,58,0,2
BRDA:338,58,1,1
BRDA:344,59,0,1
BRDA:344,59,1,0
BRDA:345,60,0,1
BRDA:345,60,1,0
BRDA:347,61,0,1
BRDA:347,61,1,0
BRF:126
BRH:95
end_of_record
TN:
SF:src/types/domain.ts
FN:88,isGameModeName
FN:92,isRewardModeName
FN:96,isTransactionType
FN:102,isTransactionDirection
FN:199,isJwtUserPayload
FNF:5
FNH:5
FNDA:9,isGameModeName
FNDA:5,isRewardModeName
FNDA:7,isTransactionType
FNDA:5,isTransactionDirection
FNDA:7,isJwtUserPayload
DA:82,1
DA:83,1
DA:84,1
DA:89,9
DA:93,5
DA:97,7
DA:100,1
DA:103,5
DA:200,7
LF:9
LH:9
BRDA:89,0,0,9
BRDA:89,0,1,6
BRDA:93,1,0,5
BRDA:93,1,1,3
BRDA:97,2,0,7
BRDA:97,2,1,6
BRDA:103,3,0,5
BRDA:103,3,1,3
BRDA:200,4,0,7
BRDA:200,4,1,5
BRDA:200,4,2,4
BRF:11
BRH:11
end_of_record
TN:
SF:src/types/http.ts
FN:27,hasAuthenticatedUser
FNF:1
FNH:1
FNDA:5,hasAuthenticatedUser
DA:30,5
LF:1
LH:1
BRF:0
BRH:0
end_of_record
